[2021-04-13T21:24:53.095930+02:00] php.INFO: User Deprecated: Using the WebserverBundle is deprecated since Symfony 4.4. The new Symfony local server has more features, you can use it instead. {"exception":"[object] (ErrorException(code: 0): User Deprecated: Using the WebserverBundle is deprecated since Symfony 4.4. The new Symfony local server has more features, you can use it instead. at /home/vladyslav/Documents/Netflix/vendor/symfony/web-server-bundle/WebServerBundle.php:23)"} []
[2021-04-13T21:24:53.236103+02:00] request.INFO: Matched route "main_page". {"route":"main_page","route_parameters":{"_route":"main_page","_controller":"App\\Controller\\MainController::index"},"request_uri":"http://localhost:8000/","method":"GET"} []
[2021-04-13T21:24:53.248598+02:00] doctrine.DEBUG: SELECT t0.id AS id_1, t0.nickname AS nickname_2, t0.background_color AS background_color_3, t0.age AS age_4, t0.profile_pin AS profile_pin_5, t0.interface_language AS interface_language_6, t0.preferred_language AS preferred_language_7, t0.preferred_audio AS preferred_audio_8, t0.user_id AS user_id_9 FROM profile t0 WHERE t0.id = ? ["15"] []
[2021-04-13T21:24:53.268547+02:00] security.DEBUG: Checking for guard authentication credentials. {"firewall_key":"main","authenticators":1} []
[2021-04-13T21:24:53.269117+02:00] security.DEBUG: Checking support on guard authenticator. {"firewall_key":"main","authenticator":"App\\Security\\LoginFormAuthenticator"} []
[2021-04-13T21:24:53.269631+02:00] security.DEBUG: Guard authenticator does not support the request. {"firewall_key":"main","authenticator":"App\\Security\\LoginFormAuthenticator"} []
[2021-04-13T21:24:53.270773+02:00] security.DEBUG: Read existing security token from the session. {"key":"_security_main","token_class":"Symfony\\Component\\Security\\Guard\\Token\\PostAuthenticationGuardToken"} []
[2021-04-13T21:24:53.272940+02:00] doctrine.DEBUG: SELECT t0.id AS id_1, t0.email AS email_2, t0.roles AS roles_3, t0.password AS password_4, t0.first_name AS first_name_5, t0.last_name AS last_name_6, t0.is_verified AS is_verified_7, t0.pin AS pin_8, t0.default_language AS default_language_9 FROM user t0 WHERE t0.id = ? [8] []
[2021-04-13T21:24:53.274948+02:00] security.DEBUG: User was reloaded from a user provider. {"provider":"Symfony\\Bridge\\Doctrine\\Security\\User\\EntityUserProvider","username":"Adelina1"} []
[2021-04-13T21:24:53.292758+02:00] app.INFO: I just got the logger [] []
[2021-04-13T21:24:53.293816+02:00] doctrine.DEBUG: SELECT t0.id AS id_1, t0.name AS name_2 FROM category t0 [] []
[2021-04-13T21:24:53.316905+02:00] doctrine.DEBUG: SELECT s0_.id AS id_0, s0_.name AS name_1, s0_.country AS country_2, s0_.year_start AS year_start_3, s0_.year_finish AS year_finish_4, s0_.age_category AS age_category_5, f1_.id AS id_6, f1_.name AS name_7, f1_.country AS country_8, f1_.year AS year_9, f1_.age_category AS age_category_10, f1_.file_id AS file_id_11 FROM category c2_, serial s0_, film f1_ [] []
[2021-04-13T21:24:53.425395+02:00] security.DEBUG: Stored the security token in the session. {"key":"_security_main"} []
[2021-04-13T21:24:53.543931+02:00] php.INFO: User Deprecated: Using the WebserverBundle is deprecated since Symfony 4.4. The new Symfony local server has more features, you can use it instead. {"exception":"[object] (ErrorException(code: 0): User Deprecated: Using the WebserverBundle is deprecated since Symfony 4.4. The new Symfony local server has more features, you can use it instead. at /home/vladyslav/Documents/Netflix/vendor/symfony/web-server-bundle/WebServerBundle.php:23)"} []
[2021-04-13T21:24:53.549383+02:00] request.INFO: Matched route "profile_menu". {"route":"profile_menu","route_parameters":{"_route":"profile_menu","_controller":"App\\Controller\\ProfileController::profileMenu"},"request_uri":"http://localhost:8000/profile-menu","method":"GET"} []
[2021-04-13T21:24:53.561856+02:00] doctrine.DEBUG: SELECT t0.id AS id_1, t0.nickname AS nickname_2, t0.background_color AS background_color_3, t0.age AS age_4, t0.profile_pin AS profile_pin_5, t0.interface_language AS interface_language_6, t0.preferred_language AS preferred_language_7, t0.preferred_audio AS preferred_audio_8, t0.user_id AS user_id_9 FROM profile t0 WHERE t0.id = ? ["15"] []
[2021-04-13T21:24:53.582915+02:00] security.DEBUG: Checking for guard authentication credentials. {"firewall_key":"main","authenticators":1} []
[2021-04-13T21:24:53.583475+02:00] security.DEBUG: Checking support on guard authenticator. {"firewall_key":"main","authenticator":"App\\Security\\LoginFormAuthenticator"} []
[2021-04-13T21:24:53.583973+02:00] security.DEBUG: Guard authenticator does not support the request. {"firewall_key":"main","authenticator":"App\\Security\\LoginFormAuthenticator"} []
[2021-04-13T21:24:53.585256+02:00] security.DEBUG: Read existing security token from the session. {"key":"_security_main","token_class":"Symfony\\Component\\Security\\Guard\\Token\\PostAuthenticationGuardToken"} []
[2021-04-13T21:24:53.587372+02:00] doctrine.DEBUG: SELECT t0.id AS id_1, t0.email AS email_2, t0.roles AS roles_3, t0.password AS password_4, t0.first_name AS first_name_5, t0.last_name AS last_name_6, t0.is_verified AS is_verified_7, t0.pin AS pin_8, t0.default_language AS default_language_9 FROM user t0 WHERE t0.id = ? [8] []
[2021-04-13T21:24:53.589370+02:00] security.DEBUG: User was reloaded from a user provider. {"provider":"Symfony\\Bridge\\Doctrine\\Security\\User\\EntityUserProvider","username":"Adelina1"} []
[2021-04-13T21:24:53.631615+02:00] security.DEBUG: Stored the security token in the session. {"key":"_security_main"} []
[2021-04-13T21:24:54.156660+02:00] php.INFO: User Deprecated: Using the WebserverBundle is deprecated since Symfony 4.4. The new Symfony local server has more features, you can use it instead. {"exception":"[object] (ErrorException(code: 0): User Deprecated: Using the WebserverBundle is deprecated since Symfony 4.4. The new Symfony local server has more features, you can use it instead. at /home/vladyslav/Documents/Netflix/vendor/symfony/web-server-bundle/WebServerBundle.php:23)"} []
[2021-04-13T21:24:54.162256+02:00] request.INFO: Matched route "_wdt". {"route":"_wdt","route_parameters":{"_route":"_wdt","_controller":"web_profiler.controller.profiler::toolbarAction","token":"1d4cc0"},"request_uri":"http://localhost:8000/_wdt/1d4cc0","method":"GET"} []
[2021-04-13T21:24:54.177221+02:00] doctrine.DEBUG: SELECT t0.id AS id_1, t0.nickname AS nickname_2, t0.background_color AS background_color_3, t0.age AS age_4, t0.profile_pin AS profile_pin_5, t0.interface_language AS interface_language_6, t0.preferred_language AS preferred_language_7, t0.preferred_audio AS preferred_audio_8, t0.user_id AS user_id_9 FROM profile t0 WHERE t0.id = ? ["15"] []
[2021-04-13T21:25:08.319595+02:00] php.INFO: User Deprecated: Using the WebserverBundle is deprecated since Symfony 4.4. The new Symfony local server has more features, you can use it instead. {"exception":"[object] (ErrorException(code: 0): User Deprecated: Using the WebserverBundle is deprecated since Symfony 4.4. The new Symfony local server has more features, you can use it instead. at /home/vladyslav/Documents/Netflix/vendor/symfony/web-server-bundle/WebServerBundle.php:23)"} []
[2021-04-13T21:25:08.327017+02:00] request.INFO: Matched route "main_page". {"route":"main_page","route_parameters":{"_route":"main_page","_controller":"App\\Controller\\MainController::index"},"request_uri":"http://localhost:8000/","method":"GET"} []
[2021-04-13T21:25:08.340240+02:00] doctrine.DEBUG: SELECT t0.id AS id_1, t0.nickname AS nickname_2, t0.background_color AS background_color_3, t0.age AS age_4, t0.profile_pin AS profile_pin_5, t0.interface_language AS interface_language_6, t0.preferred_language AS preferred_language_7, t0.preferred_audio AS preferred_audio_8, t0.user_id AS user_id_9 FROM profile t0 WHERE t0.id = ? ["15"] []
[2021-04-13T21:25:08.361700+02:00] security.DEBUG: Checking for guard authentication credentials. {"firewall_key":"main","authenticators":1} []
[2021-04-13T21:25:08.362270+02:00] security.DEBUG: Checking support on guard authenticator. {"firewall_key":"main","authenticator":"App\\Security\\LoginFormAuthenticator"} []
[2021-04-13T21:25:08.362793+02:00] security.DEBUG: Guard authenticator does not support the request. {"firewall_key":"main","authenticator":"App\\Security\\LoginFormAuthenticator"} []
[2021-04-13T21:25:08.364253+02:00] security.DEBUG: Read existing security token from the session. {"key":"_security_main","token_class":"Symfony\\Component\\Security\\Guard\\Token\\PostAuthenticationGuardToken"} []
[2021-04-13T21:25:08.366682+02:00] doctrine.DEBUG: SELECT t0.id AS id_1, t0.email AS email_2, t0.roles AS roles_3, t0.password AS password_4, t0.first_name AS first_name_5, t0.last_name AS last_name_6, t0.is_verified AS is_verified_7, t0.pin AS pin_8, t0.default_language AS default_language_9 FROM user t0 WHERE t0.id = ? [8] []
[2021-04-13T21:25:08.369035+02:00] security.DEBUG: User was reloaded from a user provider. {"provider":"Symfony\\Bridge\\Doctrine\\Security\\User\\EntityUserProvider","username":"Adelina1"} []
[2021-04-13T21:25:08.398796+02:00] app.INFO: I just got the logger [] []
[2021-04-13T21:25:08.400164+02:00] doctrine.DEBUG: SELECT t0.id AS id_1, t0.name AS name_2 FROM category t0 [] []
[2021-04-13T21:25:08.426012+02:00] doctrine.DEBUG: SELECT s0_.id AS id_0, s0_.name AS name_1, s0_.country AS country_2, s0_.year_start AS year_start_3, s0_.year_finish AS year_finish_4, s0_.age_category AS age_category_5, f1_.id AS id_6, f1_.name AS name_7, f1_.country AS country_8, f1_.year AS year_9, f1_.age_category AS age_category_10, f1_.file_id AS file_id_11 FROM category c2_, serial s0_, film f1_ [] []
[2021-04-13T21:25:08.536961+02:00] security.DEBUG: Stored the security token in the session. {"key":"_security_main"} []
[2021-04-13T21:25:09.218265+02:00] php.INFO: User Deprecated: Using the WebserverBundle is deprecated since Symfony 4.4. The new Symfony local server has more features, you can use it instead. {"exception":"[object] (ErrorException(code: 0): User Deprecated: Using the WebserverBundle is deprecated since Symfony 4.4. The new Symfony local server has more features, you can use it instead. at /home/vladyslav/Documents/Netflix/vendor/symfony/web-server-bundle/WebServerBundle.php:23)"} []
[2021-04-13T21:25:09.223347+02:00] request.INFO: Matched route "_wdt". {"route":"_wdt","route_parameters":{"_route":"_wdt","_controller":"web_profiler.controller.profiler::toolbarAction","token":"1b6eaa"},"request_uri":"http://localhost:8000/_wdt/1b6eaa","method":"GET"} []
[2021-04-13T21:25:09.236386+02:00] doctrine.DEBUG: SELECT t0.id AS id_1, t0.nickname AS nickname_2, t0.background_color AS background_color_3, t0.age AS age_4, t0.profile_pin AS profile_pin_5, t0.interface_language AS interface_language_6, t0.preferred_language AS preferred_language_7, t0.preferred_audio AS preferred_audio_8, t0.user_id AS user_id_9 FROM profile t0 WHERE t0.id = ? ["15"] []
[2021-04-13T21:25:09.916976+02:00] php.INFO: User Deprecated: Using the WebserverBundle is deprecated since Symfony 4.4. The new Symfony local server has more features, you can use it instead. {"exception":"[object] (ErrorException(code: 0): User Deprecated: Using the WebserverBundle is deprecated since Symfony 4.4. The new Symfony local server has more features, you can use it instead. at /home/vladyslav/Documents/Netflix/vendor/symfony/web-server-bundle/WebServerBundle.php:23)"} []
[2021-04-13T21:25:09.922045+02:00] request.INFO: Matched route "profile_menu". {"route":"profile_menu","route_parameters":{"_route":"profile_menu","_controller":"App\\Controller\\ProfileController::profileMenu"},"request_uri":"http://localhost:8000/profile-menu","method":"GET"} []
[2021-04-13T21:25:09.935469+02:00] doctrine.DEBUG: SELECT t0.id AS id_1, t0.nickname AS nickname_2, t0.background_color AS background_color_3, t0.age AS age_4, t0.profile_pin AS profile_pin_5, t0.interface_language AS interface_language_6, t0.preferred_language AS preferred_language_7, t0.preferred_audio AS preferred_audio_8, t0.user_id AS user_id_9 FROM profile t0 WHERE t0.id = ? ["15"] []
[2021-04-13T21:25:09.955708+02:00] security.DEBUG: Checking for guard authentication credentials. {"firewall_key":"main","authenticators":1} []
[2021-04-13T21:25:09.956325+02:00] security.DEBUG: Checking support on guard authenticator. {"firewall_key":"main","authenticator":"App\\Security\\LoginFormAuthenticator"} []
[2021-04-13T21:25:09.956862+02:00] security.DEBUG: Guard authenticator does not support the request. {"firewall_key":"main","authenticator":"App\\Security\\LoginFormAuthenticator"} []
[2021-04-13T21:25:09.958195+02:00] security.DEBUG: Read existing security token from the session. {"key":"_security_main","token_class":"Symfony\\Component\\Security\\Guard\\Token\\PostAuthenticationGuardToken"} []
[2021-04-13T21:25:09.960364+02:00] doctrine.DEBUG: SELECT t0.id AS id_1, t0.email AS email_2, t0.roles AS roles_3, t0.password AS password_4, t0.first_name AS first_name_5, t0.last_name AS last_name_6, t0.is_verified AS is_verified_7, t0.pin AS pin_8, t0.default_language AS default_language_9 FROM user t0 WHERE t0.id = ? [8] []
[2021-04-13T21:25:09.962589+02:00] security.DEBUG: User was reloaded from a user provider. {"provider":"Symfony\\Bridge\\Doctrine\\Security\\User\\EntityUserProvider","username":"Adelina1"} []
[2021-04-13T21:25:10.004859+02:00] security.DEBUG: Stored the security token in the session. {"key":"_security_main"} []
[2021-04-13T21:25:10.521852+02:00] php.INFO: User Deprecated: Using the WebserverBundle is deprecated since Symfony 4.4. The new Symfony local server has more features, you can use it instead. {"exception":"[object] (ErrorException(code: 0): User Deprecated: Using the WebserverBundle is deprecated since Symfony 4.4. The new Symfony local server has more features, you can use it instead. at /home/vladyslav/Documents/Netflix/vendor/symfony/web-server-bundle/WebServerBundle.php:23)"} []
[2021-04-13T21:25:10.529657+02:00] request.INFO: Matched route "_wdt". {"route":"_wdt","route_parameters":{"_route":"_wdt","_controller":"web_profiler.controller.profiler::toolbarAction","token":"ed9169"},"request_uri":"http://localhost:8000/_wdt/ed9169","method":"GET"} []
[2021-04-13T21:25:10.547724+02:00] doctrine.DEBUG: SELECT t0.id AS id_1, t0.nickname AS nickname_2, t0.background_color AS background_color_3, t0.age AS age_4, t0.profile_pin AS profile_pin_5, t0.interface_language AS interface_language_6, t0.preferred_language AS preferred_language_7, t0.preferred_audio AS preferred_audio_8, t0.user_id AS user_id_9 FROM profile t0 WHERE t0.id = ? ["15"] []
[2021-04-13T21:25:11.925457+02:00] php.INFO: User Deprecated: Using the WebserverBundle is deprecated since Symfony 4.4. The new Symfony local server has more features, you can use it instead. {"exception":"[object] (ErrorException(code: 0): User Deprecated: Using the WebserverBundle is deprecated since Symfony 4.4. The new Symfony local server has more features, you can use it instead. at /home/vladyslav/Documents/Netflix/vendor/symfony/web-server-bundle/WebServerBundle.php:23)"} []
[2021-04-13T21:25:11.930914+02:00] request.INFO: Matched route "forgot_profile". {"route":"forgot_profile","route_parameters":{"_route":"forgot_profile","_controller":"App\\Controller\\ChoicePageController::changeProfile"},"request_uri":"http://localhost:8000/forgot-profile","method":"GET"} []
[2021-04-13T21:25:11.944771+02:00] doctrine.DEBUG: SELECT t0.id AS id_1, t0.nickname AS nickname_2, t0.background_color AS background_color_3, t0.age AS age_4, t0.profile_pin AS profile_pin_5, t0.interface_language AS interface_language_6, t0.preferred_language AS preferred_language_7, t0.preferred_audio AS preferred_audio_8, t0.user_id AS user_id_9 FROM profile t0 WHERE t0.id = ? ["15"] []
[2021-04-13T21:25:11.964946+02:00] security.DEBUG: Checking for guard authentication credentials. {"firewall_key":"main","authenticators":1} []
[2021-04-13T21:25:11.965573+02:00] security.DEBUG: Checking support on guard authenticator. {"firewall_key":"main","authenticator":"App\\Security\\LoginFormAuthenticator"} []
[2021-04-13T21:25:11.966176+02:00] security.DEBUG: Guard authenticator does not support the request. {"firewall_key":"main","authenticator":"App\\Security\\LoginFormAuthenticator"} []
[2021-04-13T21:25:11.967731+02:00] security.DEBUG: Read existing security token from the session. {"key":"_security_main","token_class":"Symfony\\Component\\Security\\Guard\\Token\\PostAuthenticationGuardToken"} []
[2021-04-13T21:25:11.969968+02:00] doctrine.DEBUG: SELECT t0.id AS id_1, t0.email AS email_2, t0.roles AS roles_3, t0.password AS password_4, t0.first_name AS first_name_5, t0.last_name AS last_name_6, t0.is_verified AS is_verified_7, t0.pin AS pin_8, t0.default_language AS default_language_9 FROM user t0 WHERE t0.id = ? [8] []
[2021-04-13T21:25:11.972119+02:00] security.DEBUG: User was reloaded from a user provider. {"provider":"Symfony\\Bridge\\Doctrine\\Security\\User\\EntityUserProvider","username":"Adelina1"} []
[2021-04-13T21:25:12.000484+02:00] security.DEBUG: Stored the security token in the session. {"key":"_security_main"} []
[2021-04-13T21:25:12.226378+02:00] php.INFO: User Deprecated: Using the WebserverBundle is deprecated since Symfony 4.4. The new Symfony local server has more features, you can use it instead. {"exception":"[object] (ErrorException(code: 0): User Deprecated: Using the WebserverBundle is deprecated since Symfony 4.4. The new Symfony local server has more features, you can use it instead. at /home/vladyslav/Documents/Netflix/vendor/symfony/web-server-bundle/WebServerBundle.php:23)"} []
[2021-04-13T21:25:12.231316+02:00] request.INFO: Matched route "select_profile". {"route":"select_profile","route_parameters":{"_route":"select_profile","_controller":"App\\Controller\\ChoicePageController::index"},"request_uri":"http://localhost:8000/select-profile","method":"GET"} []
[2021-04-13T21:25:12.238253+02:00] security.DEBUG: Checking for guard authentication credentials. {"firewall_key":"main","authenticators":1} []
[2021-04-13T21:25:12.238830+02:00] security.DEBUG: Checking support on guard authenticator. {"firewall_key":"main","authenticator":"App\\Security\\LoginFormAuthenticator"} []
[2021-04-13T21:25:12.239359+02:00] security.DEBUG: Guard authenticator does not support the request. {"firewall_key":"main","authenticator":"App\\Security\\LoginFormAuthenticator"} []
[2021-04-13T21:25:12.244058+02:00] security.DEBUG: Read existing security token from the session. {"key":"_security_main","token_class":"Symfony\\Component\\Security\\Guard\\Token\\PostAuthenticationGuardToken"} []
[2021-04-13T21:25:12.256240+02:00] doctrine.DEBUG: SELECT t0.id AS id_1, t0.email AS email_2, t0.roles AS roles_3, t0.password AS password_4, t0.first_name AS first_name_5, t0.last_name AS last_name_6, t0.is_verified AS is_verified_7, t0.pin AS pin_8, t0.default_language AS default_language_9 FROM user t0 WHERE t0.id = ? [8] []
[2021-04-13T21:25:12.259303+02:00] security.DEBUG: User was reloaded from a user provider. {"provider":"Symfony\\Bridge\\Doctrine\\Security\\User\\EntityUserProvider","username":"Adelina1"} []
[2021-04-13T21:25:12.283434+02:00] doctrine.DEBUG: SELECT p0_.id AS id_0, p0_.nickname AS nickname_1, p0_.background_color AS background_color_2, p0_.age AS age_3, p0_.profile_pin AS profile_pin_4, p0_.interface_language AS interface_language_5, p0_.preferred_language AS preferred_language_6, p0_.preferred_audio AS preferred_audio_7, p0_.user_id AS user_id_8 FROM profile p0_ WHERE p0_.user_id = ? [8] []
[2021-04-13T21:25:12.316103+02:00] security.DEBUG: Stored the security token in the session. {"key":"_security_main"} []
[2021-04-13T21:25:12.714629+02:00] php.INFO: User Deprecated: Using the WebserverBundle is deprecated since Symfony 4.4. The new Symfony local server has more features, you can use it instead. {"exception":"[object] (ErrorException(code: 0): User Deprecated: Using the WebserverBundle is deprecated since Symfony 4.4. The new Symfony local server has more features, you can use it instead. at /home/vladyslav/Documents/Netflix/vendor/symfony/web-server-bundle/WebServerBundle.php:23)"} []
[2021-04-13T21:25:12.721280+02:00] request.INFO: Matched route "_wdt". {"route":"_wdt","route_parameters":{"_route":"_wdt","_controller":"web_profiler.controller.profiler::toolbarAction","token":"4f62d4"},"request_uri":"http://localhost:8000/_wdt/4f62d4","method":"GET"} []
[2021-04-13T21:25:14.961481+02:00] php.INFO: User Deprecated: Using the WebserverBundle is deprecated since Symfony 4.4. The new Symfony local server has more features, you can use it instead. {"exception":"[object] (ErrorException(code: 0): User Deprecated: Using the WebserverBundle is deprecated since Symfony 4.4. The new Symfony local server has more features, you can use it instead. at /home/vladyslav/Documents/Netflix/vendor/symfony/web-server-bundle/WebServerBundle.php:23)"} []
[2021-04-13T21:25:14.966841+02:00] request.INFO: Matched route "enter_pin". {"route":"enter_pin","route_parameters":{"_route":"enter_pin","_controller":"App\\Controller\\ChoicePageController::enterPin"},"request_uri":"http://localhost:8000/enterPin?profile=15","method":"GET"} []
[2021-04-13T21:25:14.974037+02:00] security.DEBUG: Checking for guard authentication credentials. {"firewall_key":"main","authenticators":1} []
[2021-04-13T21:25:14.974649+02:00] security.DEBUG: Checking support on guard authenticator. {"firewall_key":"main","authenticator":"App\\Security\\LoginFormAuthenticator"} []
[2021-04-13T21:25:14.975182+02:00] security.DEBUG: Guard authenticator does not support the request. {"firewall_key":"main","authenticator":"App\\Security\\LoginFormAuthenticator"} []
[2021-04-13T21:25:14.976923+02:00] security.DEBUG: Read existing security token from the session. {"key":"_security_main","token_class":"Symfony\\Component\\Security\\Guard\\Token\\PostAuthenticationGuardToken"} []
[2021-04-13T21:25:14.989984+02:00] doctrine.DEBUG: SELECT t0.id AS id_1, t0.email AS email_2, t0.roles AS roles_3, t0.password AS password_4, t0.first_name AS first_name_5, t0.last_name AS last_name_6, t0.is_verified AS is_verified_7, t0.pin AS pin_8, t0.default_language AS default_language_9 FROM user t0 WHERE t0.id = ? [8] []
[2021-04-13T21:25:14.993048+02:00] security.DEBUG: User was reloaded from a user provider. {"provider":"Symfony\\Bridge\\Doctrine\\Security\\User\\EntityUserProvider","username":"Adelina1"} []
[2021-04-13T21:25:15.012397+02:00] doctrine.DEBUG: SELECT t0.id AS id_1, t0.nickname AS nickname_2, t0.background_color AS background_color_3, t0.age AS age_4, t0.profile_pin AS profile_pin_5, t0.interface_language AS interface_language_6, t0.preferred_language AS preferred_language_7, t0.preferred_audio AS preferred_audio_8, t0.user_id AS user_id_9 FROM profile t0 WHERE t0.id = ? ["15"] []
[2021-04-13T21:25:15.041820+02:00] security.DEBUG: Stored the security token in the session. {"key":"_security_main"} []
[2021-04-13T21:25:15.423381+02:00] php.INFO: User Deprecated: Using the WebserverBundle is deprecated since Symfony 4.4. The new Symfony local server has more features, you can use it instead. {"exception":"[object] (ErrorException(code: 0): User Deprecated: Using the WebserverBundle is deprecated since Symfony 4.4. The new Symfony local server has more features, you can use it instead. at /home/vladyslav/Documents/Netflix/vendor/symfony/web-server-bundle/WebServerBundle.php:23)"} []
[2021-04-13T21:25:15.430159+02:00] request.INFO: Matched route "_wdt". {"route":"_wdt","route_parameters":{"_route":"_wdt","_controller":"web_profiler.controller.profiler::toolbarAction","token":"e16479"},"request_uri":"http://localhost:8000/_wdt/e16479","method":"GET"} []
[2021-04-13T21:25:17.769487+02:00] php.INFO: User Deprecated: Using the WebserverBundle is deprecated since Symfony 4.4. The new Symfony local server has more features, you can use it instead. {"exception":"[object] (ErrorException(code: 0): User Deprecated: Using the WebserverBundle is deprecated since Symfony 4.4. The new Symfony local server has more features, you can use it instead. at /home/vladyslav/Documents/Netflix/vendor/symfony/web-server-bundle/WebServerBundle.php:23)"} []
[2021-04-13T21:25:17.774968+02:00] request.INFO: Matched route "check_sub_pin". {"route":"check_sub_pin","route_parameters":{"_route":"check_sub_pin","_controller":"App\\Controller\\ChoicePageController::checkSubPin"},"request_uri":"http://localhost:8000/check-pin?profile=15","method":"POST"} []
[2021-04-13T21:25:17.783936+02:00] security.DEBUG: Read existing security token from the session. {"key":"_security_main","token_class":"Symfony\\Component\\Security\\Guard\\Token\\PostAuthenticationGuardToken"} []
[2021-04-13T21:25:17.796526+02:00] doctrine.DEBUG: SELECT t0.id AS id_1, t0.email AS email_2, t0.roles AS roles_3, t0.password AS password_4, t0.first_name AS first_name_5, t0.last_name AS last_name_6, t0.is_verified AS is_verified_7, t0.pin AS pin_8, t0.default_language AS default_language_9 FROM user t0 WHERE t0.id = ? [8] []
[2021-04-13T21:25:17.799620+02:00] security.DEBUG: User was reloaded from a user provider. {"provider":"Symfony\\Bridge\\Doctrine\\Security\\User\\EntityUserProvider","username":"Adelina1"} []
[2021-04-13T21:25:17.800256+02:00] security.DEBUG: Checking for guard authentication credentials. {"firewall_key":"main","authenticators":1} []
[2021-04-13T21:25:17.800836+02:00] security.DEBUG: Checking support on guard authenticator. {"firewall_key":"main","authenticator":"App\\Security\\LoginFormAuthenticator"} []
[2021-04-13T21:25:17.801373+02:00] security.DEBUG: Guard authenticator does not support the request. {"firewall_key":"main","authenticator":"App\\Security\\LoginFormAuthenticator"} []
[2021-04-13T21:25:17.818498+02:00] doctrine.DEBUG: SELECT t0.id AS id_1, t0.nickname AS nickname_2, t0.background_color AS background_color_3, t0.age AS age_4, t0.profile_pin AS profile_pin_5, t0.interface_language AS interface_language_6, t0.preferred_language AS preferred_language_7, t0.preferred_audio AS preferred_audio_8, t0.user_id AS user_id_9 FROM profile t0 WHERE t0.id = ? ["15"] []
[2021-04-13T21:25:17.840735+02:00] security.DEBUG: Stored the security token in the session. {"key":"_security_main"} []
[2021-04-13T21:25:18.038283+02:00] php.INFO: User Deprecated: Using the WebserverBundle is deprecated since Symfony 4.4. The new Symfony local server has more features, you can use it instead. {"exception":"[object] (ErrorException(code: 0): User Deprecated: Using the WebserverBundle is deprecated since Symfony 4.4. The new Symfony local server has more features, you can use it instead. at /home/vladyslav/Documents/Netflix/vendor/symfony/web-server-bundle/WebServerBundle.php:23)"} []
[2021-04-13T21:25:18.043127+02:00] request.INFO: Matched route "main_page". {"route":"main_page","route_parameters":{"_route":"main_page","_controller":"App\\Controller\\MainController::index"},"request_uri":"http://localhost:8000/","method":"GET"} []
[2021-04-13T21:25:18.057417+02:00] doctrine.DEBUG: SELECT t0.id AS id_1, t0.nickname AS nickname_2, t0.background_color AS background_color_3, t0.age AS age_4, t0.profile_pin AS profile_pin_5, t0.interface_language AS interface_language_6, t0.preferred_language AS preferred_language_7, t0.preferred_audio AS preferred_audio_8, t0.user_id AS user_id_9 FROM profile t0 WHERE t0.id = ? ["15"] []
[2021-04-13T21:25:18.080453+02:00] security.DEBUG: Checking for guard authentication credentials. {"firewall_key":"main","authenticators":1} []
[2021-04-13T21:25:18.081199+02:00] security.DEBUG: Checking support on guard authenticator. {"firewall_key":"main","authenticator":"App\\Security\\LoginFormAuthenticator"} []
[2021-04-13T21:25:18.081745+02:00] security.DEBUG: Guard authenticator does not support the request. {"firewall_key":"main","authenticator":"App\\Security\\LoginFormAuthenticator"} []
[2021-04-13T21:25:18.083112+02:00] security.DEBUG: Read existing security token from the session. {"key":"_security_main","token_class":"Symfony\\Component\\Security\\Guard\\Token\\PostAuthenticationGuardToken"} []
[2021-04-13T21:25:18.085286+02:00] doctrine.DEBUG: SELECT t0.id AS id_1, t0.email AS email_2, t0.roles AS roles_3, t0.password AS password_4, t0.first_name AS first_name_5, t0.last_name AS last_name_6, t0.is_verified AS is_verified_7, t0.pin AS pin_8, t0.default_language AS default_language_9 FROM user t0 WHERE t0.id = ? [8] []
[2021-04-13T21:25:18.087344+02:00] security.DEBUG: User was reloaded from a user provider. {"provider":"Symfony\\Bridge\\Doctrine\\Security\\User\\EntityUserProvider","username":"Adelina1"} []
[2021-04-13T21:25:18.115714+02:00] app.INFO: I just got the logger [] []
[2021-04-13T21:25:18.117034+02:00] doctrine.DEBUG: SELECT t0.id AS id_1, t0.name AS name_2 FROM category t0 [] []
[2021-04-13T21:25:18.143456+02:00] doctrine.DEBUG: SELECT s0_.id AS id_0, s0_.name AS name_1, s0_.country AS country_2, s0_.year_start AS year_start_3, s0_.year_finish AS year_finish_4, s0_.age_category AS age_category_5, f1_.id AS id_6, f1_.name AS name_7, f1_.country AS country_8, f1_.year AS year_9, f1_.age_category AS age_category_10, f1_.file_id AS file_id_11 FROM category c2_, serial s0_, film f1_ [] []
[2021-04-13T21:25:18.259870+02:00] security.DEBUG: Stored the security token in the session. {"key":"_security_main"} []
[2021-04-13T21:25:18.941726+02:00] php.INFO: User Deprecated: Using the WebserverBundle is deprecated since Symfony 4.4. The new Symfony local server has more features, you can use it instead. {"exception":"[object] (ErrorException(code: 0): User Deprecated: Using the WebserverBundle is deprecated since Symfony 4.4. The new Symfony local server has more features, you can use it instead. at /home/vladyslav/Documents/Netflix/vendor/symfony/web-server-bundle/WebServerBundle.php:23)"} []
[2021-04-13T21:25:18.946928+02:00] request.INFO: Matched route "_wdt". {"route":"_wdt","route_parameters":{"_route":"_wdt","_controller":"web_profiler.controller.profiler::toolbarAction","token":"1eb9b6"},"request_uri":"http://localhost:8000/_wdt/1eb9b6","method":"GET"} []
[2021-04-13T21:25:18.960110+02:00] doctrine.DEBUG: SELECT t0.id AS id_1, t0.nickname AS nickname_2, t0.background_color AS background_color_3, t0.age AS age_4, t0.profile_pin AS profile_pin_5, t0.interface_language AS interface_language_6, t0.preferred_language AS preferred_language_7, t0.preferred_audio AS preferred_audio_8, t0.user_id AS user_id_9 FROM profile t0 WHERE t0.id = ? ["15"] []
[2021-04-13T21:26:41.041971+02:00] php.INFO: User Deprecated: Using the WebserverBundle is deprecated since Symfony 4.4. The new Symfony local server has more features, you can use it instead. {"exception":"[object] (ErrorException(code: 0): User Deprecated: Using the WebserverBundle is deprecated since Symfony 4.4. The new Symfony local server has more features, you can use it instead. at /home/vladyslav/Documents/Netflix/vendor/symfony/web-server-bundle/WebServerBundle.php:23)"} []
[2021-04-13T21:26:41.055787+02:00] request.INFO: Matched route "main_page". {"route":"main_page","route_parameters":{"_route":"main_page","_controller":"App\\Controller\\MainController::index"},"request_uri":"http://localhost:8000/","method":"GET"} []
[2021-04-13T21:26:41.098135+02:00] doctrine.DEBUG: SELECT t0.id AS id_1, t0.nickname AS nickname_2, t0.background_color AS background_color_3, t0.age AS age_4, t0.profile_pin AS profile_pin_5, t0.interface_language AS interface_language_6, t0.preferred_language AS preferred_language_7, t0.preferred_audio AS preferred_audio_8, t0.user_id AS user_id_9 FROM profile t0 WHERE t0.id = ? ["15"] []
[2021-04-13T21:26:41.169146+02:00] security.DEBUG: Checking for guard authentication credentials. {"firewall_key":"main","authenticators":1} []
[2021-04-13T21:26:41.169816+02:00] security.DEBUG: Checking support on guard authenticator. {"firewall_key":"main","authenticator":"App\\Security\\LoginFormAuthenticator"} []
[2021-04-13T21:26:41.170422+02:00] security.DEBUG: Guard authenticator does not support the request. {"firewall_key":"main","authenticator":"App\\Security\\LoginFormAuthenticator"} []
[2021-04-13T21:26:41.173948+02:00] security.DEBUG: Read existing security token from the session. {"key":"_security_main","token_class":"Symfony\\Component\\Security\\Guard\\Token\\PostAuthenticationGuardToken"} []
[2021-04-13T21:26:41.176832+02:00] doctrine.DEBUG: SELECT t0.id AS id_1, t0.email AS email_2, t0.roles AS roles_3, t0.password AS password_4, t0.first_name AS first_name_5, t0.last_name AS last_name_6, t0.is_verified AS is_verified_7, t0.pin AS pin_8, t0.default_language AS default_language_9 FROM user t0 WHERE t0.id = ? [8] []
[2021-04-13T21:26:41.178911+02:00] security.DEBUG: User was reloaded from a user provider. {"provider":"Symfony\\Bridge\\Doctrine\\Security\\User\\EntityUserProvider","username":"Adelina1"} []
[2021-04-13T21:26:41.225280+02:00] app.INFO: I just got the logger [] []
[2021-04-13T21:26:41.226485+02:00] doctrine.DEBUG: SELECT t0.id AS id_1, t0.name AS name_2 FROM category t0 [] []
[2021-04-13T21:26:41.301562+02:00] doctrine.DEBUG: SELECT s0_.id AS id_0, s0_.name AS name_1, s0_.country AS country_2, s0_.year_start AS year_start_3, s0_.year_finish AS year_finish_4, s0_.age_category AS age_category_5, f1_.id AS id_6, f1_.name AS name_7, f1_.country AS country_8, f1_.year AS year_9, f1_.age_category AS age_category_10, f1_.file_id AS file_id_11 FROM category c2_, serial s0_, film f1_ [] []
[2021-04-13T21:26:41.422904+02:00] security.DEBUG: Stored the security token in the session. {"key":"_security_main"} []
[2021-04-13T21:26:41.793124+02:00] php.INFO: User Deprecated: Using the WebserverBundle is deprecated since Symfony 4.4. The new Symfony local server has more features, you can use it instead. {"exception":"[object] (ErrorException(code: 0): User Deprecated: Using the WebserverBundle is deprecated since Symfony 4.4. The new Symfony local server has more features, you can use it instead. at /home/vladyslav/Documents/Netflix/vendor/symfony/web-server-bundle/WebServerBundle.php:23)"} []
[2021-04-13T21:26:41.797987+02:00] request.INFO: Matched route "main_page". {"route":"main_page","route_parameters":{"_route":"main_page","_controller":"App\\Controller\\MainController::index"},"request_uri":"http://localhost:8000/","method":"GET"} []
[2021-04-13T21:26:41.811520+02:00] doctrine.DEBUG: SELECT t0.id AS id_1, t0.nickname AS nickname_2, t0.background_color AS background_color_3, t0.age AS age_4, t0.profile_pin AS profile_pin_5, t0.interface_language AS interface_language_6, t0.preferred_language AS preferred_language_7, t0.preferred_audio AS preferred_audio_8, t0.user_id AS user_id_9 FROM profile t0 WHERE t0.id = ? ["15"] []
[2021-04-13T21:26:41.834175+02:00] security.DEBUG: Checking for guard authentication credentials. {"firewall_key":"main","authenticators":1} []
[2021-04-13T21:26:41.834804+02:00] security.DEBUG: Checking support on guard authenticator. {"firewall_key":"main","authenticator":"App\\Security\\LoginFormAuthenticator"} []
[2021-04-13T21:26:41.835434+02:00] security.DEBUG: Guard authenticator does not support the request. {"firewall_key":"main","authenticator":"App\\Security\\LoginFormAuthenticator"} []
[2021-04-13T21:26:41.836936+02:00] security.DEBUG: Read existing security token from the session. {"key":"_security_main","token_class":"Symfony\\Component\\Security\\Guard\\Token\\PostAuthenticationGuardToken"} []
[2021-04-13T21:26:41.839232+02:00] doctrine.DEBUG: SELECT t0.id AS id_1, t0.email AS email_2, t0.roles AS roles_3, t0.password AS password_4, t0.first_name AS first_name_5, t0.last_name AS last_name_6, t0.is_verified AS is_verified_7, t0.pin AS pin_8, t0.default_language AS default_language_9 FROM user t0 WHERE t0.id = ? [8] []
[2021-04-13T21:26:41.841351+02:00] security.DEBUG: User was reloaded from a user provider. {"provider":"Symfony\\Bridge\\Doctrine\\Security\\User\\EntityUserProvider","username":"Adelina1"} []
[2021-04-13T21:26:41.868909+02:00] app.INFO: I just got the logger [] []
[2021-04-13T21:26:41.870217+02:00] doctrine.DEBUG: SELECT t0.id AS id_1, t0.name AS name_2 FROM category t0 [] []
[2021-04-13T21:26:41.896366+02:00] doctrine.DEBUG: SELECT s0_.id AS id_0, s0_.name AS name_1, s0_.country AS country_2, s0_.year_start AS year_start_3, s0_.year_finish AS year_finish_4, s0_.age_category AS age_category_5, f1_.id AS id_6, f1_.name AS name_7, f1_.country AS country_8, f1_.year AS year_9, f1_.age_category AS age_category_10, f1_.file_id AS file_id_11 FROM category c2_, serial s0_, film f1_ [] []
[2021-04-13T21:26:42.011344+02:00] security.DEBUG: Stored the security token in the session. {"key":"_security_main"} []
[2021-04-13T21:26:42.701928+02:00] php.INFO: User Deprecated: Using the WebserverBundle is deprecated since Symfony 4.4. The new Symfony local server has more features, you can use it instead. {"exception":"[object] (ErrorException(code: 0): User Deprecated: Using the WebserverBundle is deprecated since Symfony 4.4. The new Symfony local server has more features, you can use it instead. at /home/vladyslav/Documents/Netflix/vendor/symfony/web-server-bundle/WebServerBundle.php:23)"} []
[2021-04-13T21:26:42.707275+02:00] request.INFO: Matched route "_wdt". {"route":"_wdt","route_parameters":{"_route":"_wdt","_controller":"web_profiler.controller.profiler::toolbarAction","token":"c9e4ad"},"request_uri":"http://localhost:8000/_wdt/c9e4ad","method":"GET"} []
[2021-04-13T21:26:42.720488+02:00] doctrine.DEBUG: SELECT t0.id AS id_1, t0.nickname AS nickname_2, t0.background_color AS background_color_3, t0.age AS age_4, t0.profile_pin AS profile_pin_5, t0.interface_language AS interface_language_6, t0.preferred_language AS preferred_language_7, t0.preferred_audio AS preferred_audio_8, t0.user_id AS user_id_9 FROM profile t0 WHERE t0.id = ? ["15"] []
[2021-04-13T21:26:45.434424+02:00] php.INFO: User Deprecated: Using the WebserverBundle is deprecated since Symfony 4.4. The new Symfony local server has more features, you can use it instead. {"exception":"[object] (ErrorException(code: 0): User Deprecated: Using the WebserverBundle is deprecated since Symfony 4.4. The new Symfony local server has more features, you can use it instead. at /home/vladyslav/Documents/Netflix/vendor/symfony/web-server-bundle/WebServerBundle.php:23)"} []
[2021-04-13T21:26:45.439759+02:00] request.INFO: Matched route "profile_menu". {"route":"profile_menu","route_parameters":{"_route":"profile_menu","_controller":"App\\Controller\\ProfileController::profileMenu"},"request_uri":"http://localhost:8000/profile-menu","method":"GET"} []
[2021-04-13T21:26:45.453974+02:00] doctrine.DEBUG: SELECT t0.id AS id_1, t0.nickname AS nickname_2, t0.background_color AS background_color_3, t0.age AS age_4, t0.profile_pin AS profile_pin_5, t0.interface_language AS interface_language_6, t0.preferred_language AS preferred_language_7, t0.preferred_audio AS preferred_audio_8, t0.user_id AS user_id_9 FROM profile t0 WHERE t0.id = ? ["15"] []
[2021-04-13T21:26:45.478318+02:00] security.DEBUG: Checking for guard authentication credentials. {"firewall_key":"main","authenticators":1} []
[2021-04-13T21:26:45.478935+02:00] security.DEBUG: Checking support on guard authenticator. {"firewall_key":"main","authenticator":"App\\Security\\LoginFormAuthenticator"} []
[2021-04-13T21:26:45.479490+02:00] security.DEBUG: Guard authenticator does not support the request. {"firewall_key":"main","authenticator":"App\\Security\\LoginFormAuthenticator"} []
[2021-04-13T21:26:45.480946+02:00] security.DEBUG: Read existing security token from the session. {"key":"_security_main","token_class":"Symfony\\Component\\Security\\Guard\\Token\\PostAuthenticationGuardToken"} []
[2021-04-13T21:26:45.483646+02:00] doctrine.DEBUG: SELECT t0.id AS id_1, t0.email AS email_2, t0.roles AS roles_3, t0.password AS password_4, t0.first_name AS first_name_5, t0.last_name AS last_name_6, t0.is_verified AS is_verified_7, t0.pin AS pin_8, t0.default_language AS default_language_9 FROM user t0 WHERE t0.id = ? [8] []
[2021-04-13T21:26:45.486186+02:00] security.DEBUG: User was reloaded from a user provider. {"provider":"Symfony\\Bridge\\Doctrine\\Security\\User\\EntityUserProvider","username":"Adelina1"} []
[2021-04-13T21:26:45.531893+02:00] security.DEBUG: Stored the security token in the session. {"key":"_security_main"} []
[2021-04-13T21:26:46.224113+02:00] php.INFO: User Deprecated: Using the WebserverBundle is deprecated since Symfony 4.4. The new Symfony local server has more features, you can use it instead. {"exception":"[object] (ErrorException(code: 0): User Deprecated: Using the WebserverBundle is deprecated since Symfony 4.4. The new Symfony local server has more features, you can use it instead. at /home/vladyslav/Documents/Netflix/vendor/symfony/web-server-bundle/WebServerBundle.php:23)"} []
[2021-04-13T21:26:46.229020+02:00] request.INFO: Matched route "_wdt". {"route":"_wdt","route_parameters":{"_route":"_wdt","_controller":"web_profiler.controller.profiler::toolbarAction","token":"6efece"},"request_uri":"http://localhost:8000/_wdt/6efece","method":"GET"} []
[2021-04-13T21:26:46.241655+02:00] doctrine.DEBUG: SELECT t0.id AS id_1, t0.nickname AS nickname_2, t0.background_color AS background_color_3, t0.age AS age_4, t0.profile_pin AS profile_pin_5, t0.interface_language AS interface_language_6, t0.preferred_language AS preferred_language_7, t0.preferred_audio AS preferred_audio_8, t0.user_id AS user_id_9 FROM profile t0 WHERE t0.id = ? ["15"] []
[2021-04-13T21:26:47.026046+02:00] php.INFO: User Deprecated: Using the WebserverBundle is deprecated since Symfony 4.4. The new Symfony local server has more features, you can use it instead. {"exception":"[object] (ErrorException(code: 0): User Deprecated: Using the WebserverBundle is deprecated since Symfony 4.4. The new Symfony local server has more features, you can use it instead. at /home/vladyslav/Documents/Netflix/vendor/symfony/web-server-bundle/WebServerBundle.php:23)"} []
[2021-04-13T21:26:47.030939+02:00] request.INFO: Matched route "forgot_profile". {"route":"forgot_profile","route_parameters":{"_route":"forgot_profile","_controller":"App\\Controller\\ChoicePageController::changeProfile"},"request_uri":"http://localhost:8000/forgot-profile","method":"GET"} []
[2021-04-13T21:26:47.043909+02:00] doctrine.DEBUG: SELECT t0.id AS id_1, t0.nickname AS nickname_2, t0.background_color AS background_color_3, t0.age AS age_4, t0.profile_pin AS profile_pin_5, t0.interface_language AS interface_language_6, t0.preferred_language AS preferred_language_7, t0.preferred_audio AS preferred_audio_8, t0.user_id AS user_id_9 FROM profile t0 WHERE t0.id = ? ["15"] []
[2021-04-13T21:26:47.065298+02:00] security.DEBUG: Checking for guard authentication credentials. {"firewall_key":"main","authenticators":1} []
[2021-04-13T21:26:47.065909+02:00] security.DEBUG: Checking support on guard authenticator. {"firewall_key":"main","authenticator":"App\\Security\\LoginFormAuthenticator"} []
[2021-04-13T21:26:47.066447+02:00] security.DEBUG: Guard authenticator does not support the request. {"firewall_key":"main","authenticator":"App\\Security\\LoginFormAuthenticator"} []
[2021-04-13T21:26:47.068171+02:00] security.DEBUG: Read existing security token from the session. {"key":"_security_main","token_class":"Symfony\\Component\\Security\\Guard\\Token\\PostAuthenticationGuardToken"} []
[2021-04-13T21:26:47.070510+02:00] doctrine.DEBUG: SELECT t0.id AS id_1, t0.email AS email_2, t0.roles AS roles_3, t0.password AS password_4, t0.first_name AS first_name_5, t0.last_name AS last_name_6, t0.is_verified AS is_verified_7, t0.pin AS pin_8, t0.default_language AS default_language_9 FROM user t0 WHERE t0.id = ? [8] []
[2021-04-13T21:26:47.072717+02:00] security.DEBUG: User was reloaded from a user provider. {"provider":"Symfony\\Bridge\\Doctrine\\Security\\User\\EntityUserProvider","username":"Adelina1"} []
[2021-04-13T21:26:47.101974+02:00] security.DEBUG: Stored the security token in the session. {"key":"_security_main"} []
[2021-04-13T21:26:47.303833+02:00] php.INFO: User Deprecated: Using the WebserverBundle is deprecated since Symfony 4.4. The new Symfony local server has more features, you can use it instead. {"exception":"[object] (ErrorException(code: 0): User Deprecated: Using the WebserverBundle is deprecated since Symfony 4.4. The new Symfony local server has more features, you can use it instead. at /home/vladyslav/Documents/Netflix/vendor/symfony/web-server-bundle/WebServerBundle.php:23)"} []
[2021-04-13T21:26:47.308804+02:00] request.INFO: Matched route "select_profile". {"route":"select_profile","route_parameters":{"_route":"select_profile","_controller":"App\\Controller\\ChoicePageController::index"},"request_uri":"http://localhost:8000/select-profile","method":"GET"} []
[2021-04-13T21:26:47.316019+02:00] security.DEBUG: Checking for guard authentication credentials. {"firewall_key":"main","authenticators":1} []
[2021-04-13T21:26:47.316661+02:00] security.DEBUG: Checking support on guard authenticator. {"firewall_key":"main","authenticator":"App\\Security\\LoginFormAuthenticator"} []
[2021-04-13T21:26:47.317399+02:00] security.DEBUG: Guard authenticator does not support the request. {"firewall_key":"main","authenticator":"App\\Security\\LoginFormAuthenticator"} []
[2021-04-13T21:26:47.322183+02:00] security.DEBUG: Read existing security token from the session. {"key":"_security_main","token_class":"Symfony\\Component\\Security\\Guard\\Token\\PostAuthenticationGuardToken"} []
[2021-04-13T21:26:47.334832+02:00] doctrine.DEBUG: SELECT t0.id AS id_1, t0.email AS email_2, t0.roles AS roles_3, t0.password AS password_4, t0.first_name AS first_name_5, t0.last_name AS last_name_6, t0.is_verified AS is_verified_7, t0.pin AS pin_8, t0.default_language AS default_language_9 FROM user t0 WHERE t0.id = ? [8] []
[2021-04-13T21:26:47.338734+02:00] security.DEBUG: User was reloaded from a user provider. {"provider":"Symfony\\Bridge\\Doctrine\\Security\\User\\EntityUserProvider","username":"Adelina1"} []
[2021-04-13T21:26:47.367350+02:00] doctrine.DEBUG: SELECT p0_.id AS id_0, p0_.nickname AS nickname_1, p0_.background_color AS background_color_2, p0_.age AS age_3, p0_.profile_pin AS profile_pin_4, p0_.interface_language AS interface_language_5, p0_.preferred_language AS preferred_language_6, p0_.preferred_audio AS preferred_audio_7, p0_.user_id AS user_id_8 FROM profile p0_ WHERE p0_.user_id = ? [8] []
[2021-04-13T21:26:47.400048+02:00] security.DEBUG: Stored the security token in the session. {"key":"_security_main"} []
[2021-04-13T21:26:47.800706+02:00] php.INFO: User Deprecated: Using the WebserverBundle is deprecated since Symfony 4.4. The new Symfony local server has more features, you can use it instead. {"exception":"[object] (ErrorException(code: 0): User Deprecated: Using the WebserverBundle is deprecated since Symfony 4.4. The new Symfony local server has more features, you can use it instead. at /home/vladyslav/Documents/Netflix/vendor/symfony/web-server-bundle/WebServerBundle.php:23)"} []
[2021-04-13T21:26:47.805705+02:00] request.INFO: Matched route "_wdt". {"route":"_wdt","route_parameters":{"_route":"_wdt","_controller":"web_profiler.controller.profiler::toolbarAction","token":"1fe25c"},"request_uri":"http://localhost:8000/_wdt/1fe25c","method":"GET"} []
[2021-04-13T21:26:48.718379+02:00] php.INFO: User Deprecated: Using the WebserverBundle is deprecated since Symfony 4.4. The new Symfony local server has more features, you can use it instead. {"exception":"[object] (ErrorException(code: 0): User Deprecated: Using the WebserverBundle is deprecated since Symfony 4.4. The new Symfony local server has more features, you can use it instead. at /home/vladyslav/Documents/Netflix/vendor/symfony/web-server-bundle/WebServerBundle.php:23)"} []
[2021-04-13T21:26:48.724227+02:00] request.INFO: Matched route "enter_pin". {"route":"enter_pin","route_parameters":{"_route":"enter_pin","_controller":"App\\Controller\\ChoicePageController::enterPin"},"request_uri":"http://localhost:8000/enterPin?profile=15","method":"GET"} []
[2021-04-13T21:26:48.732652+02:00] security.DEBUG: Checking for guard authentication credentials. {"firewall_key":"main","authenticators":1} []
[2021-04-13T21:26:48.733297+02:00] security.DEBUG: Checking support on guard authenticator. {"firewall_key":"main","authenticator":"App\\Security\\LoginFormAuthenticator"} []
[2021-04-13T21:26:48.733871+02:00] security.DEBUG: Guard authenticator does not support the request. {"firewall_key":"main","authenticator":"App\\Security\\LoginFormAuthenticator"} []
[2021-04-13T21:26:48.736096+02:00] security.DEBUG: Read existing security token from the session. {"key":"_security_main","token_class":"Symfony\\Component\\Security\\Guard\\Token\\PostAuthenticationGuardToken"} []
[2021-04-13T21:26:48.749299+02:00] doctrine.DEBUG: SELECT t0.id AS id_1, t0.email AS email_2, t0.roles AS roles_3, t0.password AS password_4, t0.first_name AS first_name_5, t0.last_name AS last_name_6, t0.is_verified AS is_verified_7, t0.pin AS pin_8, t0.default_language AS default_language_9 FROM user t0 WHERE t0.id = ? [8] []
[2021-04-13T21:26:48.752845+02:00] security.DEBUG: User was reloaded from a user provider. {"provider":"Symfony\\Bridge\\Doctrine\\Security\\User\\EntityUserProvider","username":"Adelina1"} []
[2021-04-13T21:26:48.770945+02:00] doctrine.DEBUG: SELECT t0.id AS id_1, t0.nickname AS nickname_2, t0.background_color AS background_color_3, t0.age AS age_4, t0.profile_pin AS profile_pin_5, t0.interface_language AS interface_language_6, t0.preferred_language AS preferred_language_7, t0.preferred_audio AS preferred_audio_8, t0.user_id AS user_id_9 FROM profile t0 WHERE t0.id = ? ["15"] []
[2021-04-13T21:26:48.801220+02:00] security.DEBUG: Stored the security token in the session. {"key":"_security_main"} []
[2021-04-13T21:26:49.205978+02:00] php.INFO: User Deprecated: Using the WebserverBundle is deprecated since Symfony 4.4. The new Symfony local server has more features, you can use it instead. {"exception":"[object] (ErrorException(code: 0): User Deprecated: Using the WebserverBundle is deprecated since Symfony 4.4. The new Symfony local server has more features, you can use it instead. at /home/vladyslav/Documents/Netflix/vendor/symfony/web-server-bundle/WebServerBundle.php:23)"} []
[2021-04-13T21:26:49.211695+02:00] request.INFO: Matched route "_wdt". {"route":"_wdt","route_parameters":{"_route":"_wdt","_controller":"web_profiler.controller.profiler::toolbarAction","token":"89c104"},"request_uri":"http://localhost:8000/_wdt/89c104","method":"GET"} []
[2021-04-13T21:26:50.838768+02:00] php.INFO: User Deprecated: Using the WebserverBundle is deprecated since Symfony 4.4. The new Symfony local server has more features, you can use it instead. {"exception":"[object] (ErrorException(code: 0): User Deprecated: Using the WebserverBundle is deprecated since Symfony 4.4. The new Symfony local server has more features, you can use it instead. at /home/vladyslav/Documents/Netflix/vendor/symfony/web-server-bundle/WebServerBundle.php:23)"} []
[2021-04-13T21:26:50.843774+02:00] request.INFO: Matched route "check_sub_pin". {"route":"check_sub_pin","route_parameters":{"_route":"check_sub_pin","_controller":"App\\Controller\\ChoicePageController::checkSubPin"},"request_uri":"http://localhost:8000/check-pin?profile=15","method":"POST"} []
[2021-04-13T21:26:50.852893+02:00] security.DEBUG: Read existing security token from the session. {"key":"_security_main","token_class":"Symfony\\Component\\Security\\Guard\\Token\\PostAuthenticationGuardToken"} []
[2021-04-13T21:26:50.865379+02:00] doctrine.DEBUG: SELECT t0.id AS id_1, t0.email AS email_2, t0.roles AS roles_3, t0.password AS password_4, t0.first_name AS first_name_5, t0.last_name AS last_name_6, t0.is_verified AS is_verified_7, t0.pin AS pin_8, t0.default_language AS default_language_9 FROM user t0 WHERE t0.id = ? [8] []
[2021-04-13T21:26:50.868662+02:00] security.DEBUG: User was reloaded from a user provider. {"provider":"Symfony\\Bridge\\Doctrine\\Security\\User\\EntityUserProvider","username":"Adelina1"} []
[2021-04-13T21:26:50.869337+02:00] security.DEBUG: Checking for guard authentication credentials. {"firewall_key":"main","authenticators":1} []
[2021-04-13T21:26:50.869927+02:00] security.DEBUG: Checking support on guard authenticator. {"firewall_key":"main","authenticator":"App\\Security\\LoginFormAuthenticator"} []
[2021-04-13T21:26:50.870465+02:00] security.DEBUG: Guard authenticator does not support the request. {"firewall_key":"main","authenticator":"App\\Security\\LoginFormAuthenticator"} []
[2021-04-13T21:26:50.887014+02:00] doctrine.DEBUG: SELECT t0.id AS id_1, t0.nickname AS nickname_2, t0.background_color AS background_color_3, t0.age AS age_4, t0.profile_pin AS profile_pin_5, t0.interface_language AS interface_language_6, t0.preferred_language AS preferred_language_7, t0.preferred_audio AS preferred_audio_8, t0.user_id AS user_id_9 FROM profile t0 WHERE t0.id = ? ["15"] []
[2021-04-13T21:26:50.907754+02:00] security.DEBUG: Stored the security token in the session. {"key":"_security_main"} []
[2021-04-13T21:26:51.130385+02:00] php.INFO: User Deprecated: Using the WebserverBundle is deprecated since Symfony 4.4. The new Symfony local server has more features, you can use it instead. {"exception":"[object] (ErrorException(code: 0): User Deprecated: Using the WebserverBundle is deprecated since Symfony 4.4. The new Symfony local server has more features, you can use it instead. at /home/vladyslav/Documents/Netflix/vendor/symfony/web-server-bundle/WebServerBundle.php:23)"} []
[2021-04-13T21:26:51.136659+02:00] request.INFO: Matched route "main_page". {"route":"main_page","route_parameters":{"_route":"main_page","_controller":"App\\Controller\\MainController::index"},"request_uri":"http://localhost:8000/","method":"GET"} []
[2021-04-13T21:26:51.150037+02:00] doctrine.DEBUG: SELECT t0.id AS id_1, t0.nickname AS nickname_2, t0.background_color AS background_color_3, t0.age AS age_4, t0.profile_pin AS profile_pin_5, t0.interface_language AS interface_language_6, t0.preferred_language AS preferred_language_7, t0.preferred_audio AS preferred_audio_8, t0.user_id AS user_id_9 FROM profile t0 WHERE t0.id = ? ["15"] []
[2021-04-13T21:26:51.172292+02:00] security.DEBUG: Checking for guard authentication credentials. {"firewall_key":"main","authenticators":1} []
[2021-04-13T21:26:51.172889+02:00] security.DEBUG: Checking support on guard authenticator. {"firewall_key":"main","authenticator":"App\\Security\\LoginFormAuthenticator"} []
[2021-04-13T21:26:51.173421+02:00] security.DEBUG: Guard authenticator does not support the request. {"firewall_key":"main","authenticator":"App\\Security\\LoginFormAuthenticator"} []
[2021-04-13T21:26:51.174778+02:00] security.DEBUG: Read existing security token from the session. {"key":"_security_main","token_class":"Symfony\\Component\\Security\\Guard\\Token\\PostAuthenticationGuardToken"} []
[2021-04-13T21:26:51.176965+02:00] doctrine.DEBUG: SELECT t0.id AS id_1, t0.email AS email_2, t0.roles AS roles_3, t0.password AS password_4, t0.first_name AS first_name_5, t0.last_name AS last_name_6, t0.is_verified AS is_verified_7, t0.pin AS pin_8, t0.default_language AS default_language_9 FROM user t0 WHERE t0.id = ? [8] []
[2021-04-13T21:26:51.179142+02:00] security.DEBUG: User was reloaded from a user provider. {"provider":"Symfony\\Bridge\\Doctrine\\Security\\User\\EntityUserProvider","username":"Adelina1"} []
[2021-04-13T21:26:51.207472+02:00] app.INFO: I just got the logger [] []
[2021-04-13T21:26:51.208675+02:00] doctrine.DEBUG: SELECT t0.id AS id_1, t0.name AS name_2 FROM category t0 [] []
[2021-04-13T21:26:51.236761+02:00] doctrine.DEBUG: SELECT s0_.id AS id_0, s0_.name AS name_1, s0_.country AS country_2, s0_.year_start AS year_start_3, s0_.year_finish AS year_finish_4, s0_.age_category AS age_category_5, f1_.id AS id_6, f1_.name AS name_7, f1_.country AS country_8, f1_.year AS year_9, f1_.age_category AS age_category_10, f1_.file_id AS file_id_11 FROM category c2_, serial s0_, film f1_ [] []
[2021-04-13T21:26:51.343281+02:00] security.DEBUG: Stored the security token in the session. {"key":"_security_main"} []
[2021-04-13T21:26:52.032920+02:00] php.INFO: User Deprecated: Using the WebserverBundle is deprecated since Symfony 4.4. The new Symfony local server has more features, you can use it instead. {"exception":"[object] (ErrorException(code: 0): User Deprecated: Using the WebserverBundle is deprecated since Symfony 4.4. The new Symfony local server has more features, you can use it instead. at /home/vladyslav/Documents/Netflix/vendor/symfony/web-server-bundle/WebServerBundle.php:23)"} []
[2021-04-13T21:26:52.038539+02:00] request.INFO: Matched route "_wdt". {"route":"_wdt","route_parameters":{"_route":"_wdt","_controller":"web_profiler.controller.profiler::toolbarAction","token":"8bb290"},"request_uri":"http://localhost:8000/_wdt/8bb290","method":"GET"} []
[2021-04-13T21:26:52.051633+02:00] doctrine.DEBUG: SELECT t0.id AS id_1, t0.nickname AS nickname_2, t0.background_color AS background_color_3, t0.age AS age_4, t0.profile_pin AS profile_pin_5, t0.interface_language AS interface_language_6, t0.preferred_language AS preferred_language_7, t0.preferred_audio AS preferred_audio_8, t0.user_id AS user_id_9 FROM profile t0 WHERE t0.id = ? ["15"] []
[2021-04-13T21:27:41.892543+02:00] php.INFO: User Deprecated: Using the WebserverBundle is deprecated since Symfony 4.4. The new Symfony local server has more features, you can use it instead. {"exception":"[object] (ErrorException(code: 0): User Deprecated: Using the WebserverBundle is deprecated since Symfony 4.4. The new Symfony local server has more features, you can use it instead. at /home/vladyslav/Documents/Netflix/vendor/symfony/web-server-bundle/WebServerBundle.php:23)"} []
[2021-04-13T21:27:41.898027+02:00] request.INFO: Matched route "main_page". {"route":"main_page","route_parameters":{"_route":"main_page","_controller":"App\\Controller\\MainController::index"},"request_uri":"http://localhost:8000/","method":"GET"} []
[2021-04-13T21:27:41.911948+02:00] doctrine.DEBUG: SELECT t0.id AS id_1, t0.nickname AS nickname_2, t0.background_color AS background_color_3, t0.age AS age_4, t0.profile_pin AS profile_pin_5, t0.interface_language AS interface_language_6, t0.preferred_language AS preferred_language_7, t0.preferred_audio AS preferred_audio_8, t0.user_id AS user_id_9 FROM profile t0 WHERE t0.id = ? ["15"] []
[2021-04-13T21:27:41.938285+02:00] security.DEBUG: Checking for guard authentication credentials. {"firewall_key":"main","authenticators":1} []
[2021-04-13T21:27:41.939163+02:00] security.DEBUG: Checking support on guard authenticator. {"firewall_key":"main","authenticator":"App\\Security\\LoginFormAuthenticator"} []
[2021-04-13T21:27:41.939976+02:00] security.DEBUG: Guard authenticator does not support the request. {"firewall_key":"main","authenticator":"App\\Security\\LoginFormAuthenticator"} []
[2021-04-13T21:27:41.942123+02:00] security.DEBUG: Read existing security token from the session. {"key":"_security_main","token_class":"Symfony\\Component\\Security\\Guard\\Token\\PostAuthenticationGuardToken"} []
[2021-04-13T21:27:41.945654+02:00] doctrine.DEBUG: SELECT t0.id AS id_1, t0.email AS email_2, t0.roles AS roles_3, t0.password AS password_4, t0.first_name AS first_name_5, t0.last_name AS last_name_6, t0.is_verified AS is_verified_7, t0.pin AS pin_8, t0.default_language AS default_language_9 FROM user t0 WHERE t0.id = ? [8] []
[2021-04-13T21:27:41.948479+02:00] security.DEBUG: User was reloaded from a user provider. {"provider":"Symfony\\Bridge\\Doctrine\\Security\\User\\EntityUserProvider","username":"Adelina1"} []
[2021-04-13T21:27:41.977251+02:00] app.INFO: I just got the logger [] []
[2021-04-13T21:27:41.978485+02:00] doctrine.DEBUG: SELECT t0.id AS id_1, t0.name AS name_2 FROM category t0 [] []
[2021-04-13T21:27:42.005727+02:00] doctrine.DEBUG: SELECT s0_.id AS id_0, s0_.name AS name_1, s0_.country AS country_2, s0_.year_start AS year_start_3, s0_.year_finish AS year_finish_4, s0_.age_category AS age_category_5, f1_.id AS id_6, f1_.name AS name_7, f1_.country AS country_8, f1_.year AS year_9, f1_.age_category AS age_category_10, f1_.file_id AS file_id_11 FROM category c2_, serial s0_, film f1_ [] []
[2021-04-13T21:27:42.119931+02:00] security.DEBUG: Stored the security token in the session. {"key":"_security_main"} []
[2021-04-13T21:27:42.792868+02:00] php.INFO: User Deprecated: Using the WebserverBundle is deprecated since Symfony 4.4. The new Symfony local server has more features, you can use it instead. {"exception":"[object] (ErrorException(code: 0): User Deprecated: Using the WebserverBundle is deprecated since Symfony 4.4. The new Symfony local server has more features, you can use it instead. at /home/vladyslav/Documents/Netflix/vendor/symfony/web-server-bundle/WebServerBundle.php:23)"} []
[2021-04-13T21:27:42.798373+02:00] request.INFO: Matched route "_wdt". {"route":"_wdt","route_parameters":{"_route":"_wdt","_controller":"web_profiler.controller.profiler::toolbarAction","token":"7a8040"},"request_uri":"http://localhost:8000/_wdt/7a8040","method":"GET"} []
[2021-04-13T21:27:42.815111+02:00] doctrine.DEBUG: SELECT t0.id AS id_1, t0.nickname AS nickname_2, t0.background_color AS background_color_3, t0.age AS age_4, t0.profile_pin AS profile_pin_5, t0.interface_language AS interface_language_6, t0.preferred_language AS preferred_language_7, t0.preferred_audio AS preferred_audio_8, t0.user_id AS user_id_9 FROM profile t0 WHERE t0.id = ? ["15"] []
[2021-04-13T21:27:46.540536+02:00] php.INFO: User Deprecated: Using the WebserverBundle is deprecated since Symfony 4.4. The new Symfony local server has more features, you can use it instead. {"exception":"[object] (ErrorException(code: 0): User Deprecated: Using the WebserverBundle is deprecated since Symfony 4.4. The new Symfony local server has more features, you can use it instead. at /home/vladyslav/Documents/Netflix/vendor/symfony/web-server-bundle/WebServerBundle.php:23)"} []
[2021-04-13T21:27:46.546035+02:00] request.INFO: Matched route "all_films_serials". {"route":"all_films_serials","route_parameters":{"_route":"all_films_serials","_controller":"App\\Controller\\MainController::allFilms"},"request_uri":"http://localhost:8000/all-Films-Serials?typeSearch=films","method":"GET"} []
[2021-04-13T21:27:46.559656+02:00] doctrine.DEBUG: SELECT t0.id AS id_1, t0.nickname AS nickname_2, t0.background_color AS background_color_3, t0.age AS age_4, t0.profile_pin AS profile_pin_5, t0.interface_language AS interface_language_6, t0.preferred_language AS preferred_language_7, t0.preferred_audio AS preferred_audio_8, t0.user_id AS user_id_9 FROM profile t0 WHERE t0.id = ? ["15"] []
[2021-04-13T21:27:46.579789+02:00] security.DEBUG: Checking for guard authentication credentials. {"firewall_key":"main","authenticators":1} []
[2021-04-13T21:27:46.580418+02:00] security.DEBUG: Checking support on guard authenticator. {"firewall_key":"main","authenticator":"App\\Security\\LoginFormAuthenticator"} []
[2021-04-13T21:27:46.580991+02:00] security.DEBUG: Guard authenticator does not support the request. {"firewall_key":"main","authenticator":"App\\Security\\LoginFormAuthenticator"} []
[2021-04-13T21:27:46.582381+02:00] security.DEBUG: Read existing security token from the session. {"key":"_security_main","token_class":"Symfony\\Component\\Security\\Guard\\Token\\PostAuthenticationGuardToken"} []
[2021-04-13T21:27:46.584617+02:00] doctrine.DEBUG: SELECT t0.id AS id_1, t0.email AS email_2, t0.roles AS roles_3, t0.password AS password_4, t0.first_name AS first_name_5, t0.last_name AS last_name_6, t0.is_verified AS is_verified_7, t0.pin AS pin_8, t0.default_language AS default_language_9 FROM user t0 WHERE t0.id = ? [8] []
[2021-04-13T21:27:46.586740+02:00] security.DEBUG: User was reloaded from a user provider. {"provider":"Symfony\\Bridge\\Doctrine\\Security\\User\\EntityUserProvider","username":"Adelina1"} []
[2021-04-13T21:27:46.633777+02:00] doctrine.DEBUG: SELECT t0.id AS id_1, t0.name AS name_2 FROM category t0 [] []
[2021-04-13T21:27:46.644112+02:00] doctrine.DEBUG: SELECT t0.id AS id_1, t0.name AS name_2, t0.country AS country_3, t0.year AS year_4, t0.age_category AS age_category_5, t0.file_id AS file_id_6 FROM film t0 [] []
[2021-04-13T21:27:46.685488+02:00] security.DEBUG: Stored the security token in the session. {"key":"_security_main"} []
[2021-04-13T21:27:47.336554+02:00] php.INFO: User Deprecated: Using the WebserverBundle is deprecated since Symfony 4.4. The new Symfony local server has more features, you can use it instead. {"exception":"[object] (ErrorException(code: 0): User Deprecated: Using the WebserverBundle is deprecated since Symfony 4.4. The new Symfony local server has more features, you can use it instead. at /home/vladyslav/Documents/Netflix/vendor/symfony/web-server-bundle/WebServerBundle.php:23)"} []
[2021-04-13T21:27:47.343742+02:00] request.INFO: Matched route "_wdt". {"route":"_wdt","route_parameters":{"_route":"_wdt","_controller":"web_profiler.controller.profiler::toolbarAction","token":"37a195"},"request_uri":"http://localhost:8000/_wdt/37a195","method":"GET"} []
[2021-04-13T21:27:47.360325+02:00] doctrine.DEBUG: SELECT t0.id AS id_1, t0.nickname AS nickname_2, t0.background_color AS background_color_3, t0.age AS age_4, t0.profile_pin AS profile_pin_5, t0.interface_language AS interface_language_6, t0.preferred_language AS preferred_language_7, t0.preferred_audio AS preferred_audio_8, t0.user_id AS user_id_9 FROM profile t0 WHERE t0.id = ? ["15"] []
[2021-04-13T21:27:47.912567+02:00] php.INFO: User Deprecated: Using the WebserverBundle is deprecated since Symfony 4.4. The new Symfony local server has more features, you can use it instead. {"exception":"[object] (ErrorException(code: 0): User Deprecated: Using the WebserverBundle is deprecated since Symfony 4.4. The new Symfony local server has more features, you can use it instead. at /home/vladyslav/Documents/Netflix/vendor/symfony/web-server-bundle/WebServerBundle.php:23)"} []
[2021-04-13T21:27:47.918284+02:00] request.INFO: Matched route "main_page". {"route":"main_page","route_parameters":{"_route":"main_page","_controller":"App\\Controller\\MainController::index"},"request_uri":"http://localhost:8000/","method":"GET"} []
[2021-04-13T21:27:47.932815+02:00] doctrine.DEBUG: SELECT t0.id AS id_1, t0.nickname AS nickname_2, t0.background_color AS background_color_3, t0.age AS age_4, t0.profile_pin AS profile_pin_5, t0.interface_language AS interface_language_6, t0.preferred_language AS preferred_language_7, t0.preferred_audio AS preferred_audio_8, t0.user_id AS user_id_9 FROM profile t0 WHERE t0.id = ? ["15"] []
[2021-04-13T21:27:47.954300+02:00] security.DEBUG: Checking for guard authentication credentials. {"firewall_key":"main","authenticators":1} []
[2021-04-13T21:27:47.955005+02:00] security.DEBUG: Checking support on guard authenticator. {"firewall_key":"main","authenticator":"App\\Security\\LoginFormAuthenticator"} []
[2021-04-13T21:27:47.955653+02:00] security.DEBUG: Guard authenticator does not support the request. {"firewall_key":"main","authenticator":"App\\Security\\LoginFormAuthenticator"} []
[2021-04-13T21:27:47.957733+02:00] security.DEBUG: Read existing security token from the session. {"key":"_security_main","token_class":"Symfony\\Component\\Security\\Guard\\Token\\PostAuthenticationGuardToken"} []
[2021-04-13T21:27:47.960278+02:00] doctrine.DEBUG: SELECT t0.id AS id_1, t0.email AS email_2, t0.roles AS roles_3, t0.password AS password_4, t0.first_name AS first_name_5, t0.last_name AS last_name_6, t0.is_verified AS is_verified_7, t0.pin AS pin_8, t0.default_language AS default_language_9 FROM user t0 WHERE t0.id = ? [8] []
[2021-04-13T21:27:47.962732+02:00] security.DEBUG: User was reloaded from a user provider. {"provider":"Symfony\\Bridge\\Doctrine\\Security\\User\\EntityUserProvider","username":"Adelina1"} []
[2021-04-13T21:27:47.991395+02:00] app.INFO: I just got the logger [] []
[2021-04-13T21:27:47.992748+02:00] doctrine.DEBUG: SELECT t0.id AS id_1, t0.name AS name_2 FROM category t0 [] []
[2021-04-13T21:27:48.019439+02:00] doctrine.DEBUG: SELECT s0_.id AS id_0, s0_.name AS name_1, s0_.country AS country_2, s0_.year_start AS year_start_3, s0_.year_finish AS year_finish_4, s0_.age_category AS age_category_5, f1_.id AS id_6, f1_.name AS name_7, f1_.country AS country_8, f1_.year AS year_9, f1_.age_category AS age_category_10, f1_.file_id AS file_id_11 FROM category c2_, serial s0_, film f1_ [] []
[2021-04-13T21:27:48.132945+02:00] security.DEBUG: Stored the security token in the session. {"key":"_security_main"} []
[2021-04-13T21:27:48.826667+02:00] php.INFO: User Deprecated: Using the WebserverBundle is deprecated since Symfony 4.4. The new Symfony local server has more features, you can use it instead. {"exception":"[object] (ErrorException(code: 0): User Deprecated: Using the WebserverBundle is deprecated since Symfony 4.4. The new Symfony local server has more features, you can use it instead. at /home/vladyslav/Documents/Netflix/vendor/symfony/web-server-bundle/WebServerBundle.php:23)"} []
[2021-04-13T21:27:48.831733+02:00] request.INFO: Matched route "_wdt". {"route":"_wdt","route_parameters":{"_route":"_wdt","_controller":"web_profiler.controller.profiler::toolbarAction","token":"4a2a1c"},"request_uri":"http://localhost:8000/_wdt/4a2a1c","method":"GET"} []
[2021-04-13T21:27:48.844447+02:00] doctrine.DEBUG: SELECT t0.id AS id_1, t0.nickname AS nickname_2, t0.background_color AS background_color_3, t0.age AS age_4, t0.profile_pin AS profile_pin_5, t0.interface_language AS interface_language_6, t0.preferred_language AS preferred_language_7, t0.preferred_audio AS preferred_audio_8, t0.user_id AS user_id_9 FROM profile t0 WHERE t0.id = ? ["15"] []
[2021-04-13T21:28:18.693207+02:00] php.INFO: User Deprecated: Using the WebserverBundle is deprecated since Symfony 4.4. The new Symfony local server has more features, you can use it instead. {"exception":"[object] (ErrorException(code: 0): User Deprecated: Using the WebserverBundle is deprecated since Symfony 4.4. The new Symfony local server has more features, you can use it instead. at /home/vladyslav/Documents/Netflix/vendor/symfony/web-server-bundle/WebServerBundle.php:23)"} []
[2021-04-13T21:28:18.748901+02:00] request.INFO: Matched route "profile_menu". {"route":"profile_menu","route_parameters":{"_route":"profile_menu","_controller":"App\\Controller\\ProfileController::profileMenu"},"request_uri":"http://localhost:8000/profile-menu","method":"GET"} []
[2021-04-13T21:28:18.752434+02:00] doctrine.DEBUG: SELECT t0.id AS id_1, t0.nickname AS nickname_2, t0.background_color AS background_color_3, t0.age AS age_4, t0.profile_pin AS profile_pin_5, t0.interface_language AS interface_language_6, t0.preferred_language AS preferred_language_7, t0.preferred_audio AS preferred_audio_8, t0.user_id AS user_id_9 FROM profile t0 WHERE t0.id = ? ["15"] []
[2021-04-13T21:28:18.758271+02:00] security.DEBUG: Checking for guard authentication credentials. {"firewall_key":"main","authenticators":1} []
[2021-04-13T21:28:18.758417+02:00] security.DEBUG: Checking support on guard authenticator. {"firewall_key":"main","authenticator":"App\\Security\\LoginFormAuthenticator"} []
[2021-04-13T21:28:18.758524+02:00] security.DEBUG: Guard authenticator does not support the request. {"firewall_key":"main","authenticator":"App\\Security\\LoginFormAuthenticator"} []
[2021-04-13T21:28:18.758887+02:00] security.DEBUG: Read existing security token from the session. {"key":"_security_main","token_class":"Symfony\\Component\\Security\\Guard\\Token\\PostAuthenticationGuardToken"} []
[2021-04-13T21:28:18.759397+02:00] doctrine.DEBUG: SELECT t0.id AS id_1, t0.email AS email_2, t0.roles AS roles_3, t0.password AS password_4, t0.first_name AS first_name_5, t0.last_name AS last_name_6, t0.is_verified AS is_verified_7, t0.pin AS pin_8, t0.default_language AS default_language_9 FROM user t0 WHERE t0.id = ? [8] []
[2021-04-13T21:28:18.760076+02:00] security.DEBUG: User was reloaded from a user provider. {"provider":"Symfony\\Bridge\\Doctrine\\Security\\User\\EntityUserProvider","username":"Adelina1"} []
[2021-04-13T21:28:18.773891+02:00] security.DEBUG: Stored the security token in the session. {"key":"_security_main"} []
[2021-04-13T21:28:18.863178+02:00] php.INFO: User Deprecated: Using the WebserverBundle is deprecated since Symfony 4.4. The new Symfony local server has more features, you can use it instead. {"exception":"[object] (ErrorException(code: 0): User Deprecated: Using the WebserverBundle is deprecated since Symfony 4.4. The new Symfony local server has more features, you can use it instead. at /home/vladyslav/Documents/Netflix/vendor/symfony/web-server-bundle/WebServerBundle.php:23)"} []
[2021-04-13T21:28:18.867379+02:00] request.INFO: Matched route "_wdt". {"route":"_wdt","route_parameters":{"_route":"_wdt","_controller":"web_profiler.controller.profiler::toolbarAction","token":"58791b"},"request_uri":"http://localhost:8000/_wdt/58791b","method":"GET"} []
[2021-04-13T21:28:18.871932+02:00] doctrine.DEBUG: SELECT t0.id AS id_1, t0.nickname AS nickname_2, t0.background_color AS background_color_3, t0.age AS age_4, t0.profile_pin AS profile_pin_5, t0.interface_language AS interface_language_6, t0.preferred_language AS preferred_language_7, t0.preferred_audio AS preferred_audio_8, t0.user_id AS user_id_9 FROM profile t0 WHERE t0.id = ? ["15"] []
[2021-04-13T21:28:19.958087+02:00] php.INFO: User Deprecated: Using the WebserverBundle is deprecated since Symfony 4.4. The new Symfony local server has more features, you can use it instead. {"exception":"[object] (ErrorException(code: 0): User Deprecated: Using the WebserverBundle is deprecated since Symfony 4.4. The new Symfony local server has more features, you can use it instead. at /home/vladyslav/Documents/Netflix/vendor/symfony/web-server-bundle/WebServerBundle.php:23)"} []
[2021-04-13T21:28:19.961995+02:00] request.INFO: Matched route "forgot_profile". {"route":"forgot_profile","route_parameters":{"_route":"forgot_profile","_controller":"App\\Controller\\ChoicePageController::changeProfile"},"request_uri":"http://localhost:8000/forgot-profile","method":"GET"} []
[2021-04-13T21:28:19.965397+02:00] doctrine.DEBUG: SELECT t0.id AS id_1, t0.nickname AS nickname_2, t0.background_color AS background_color_3, t0.age AS age_4, t0.profile_pin AS profile_pin_5, t0.interface_language AS interface_language_6, t0.preferred_language AS preferred_language_7, t0.preferred_audio AS preferred_audio_8, t0.user_id AS user_id_9 FROM profile t0 WHERE t0.id = ? ["15"] []
[2021-04-13T21:28:19.971741+02:00] security.DEBUG: Checking for guard authentication credentials. {"firewall_key":"main","authenticators":1} []
[2021-04-13T21:28:19.971901+02:00] security.DEBUG: Checking support on guard authenticator. {"firewall_key":"main","authenticator":"App\\Security\\LoginFormAuthenticator"} []
[2021-04-13T21:28:19.972021+02:00] security.DEBUG: Guard authenticator does not support the request. {"firewall_key":"main","authenticator":"App\\Security\\LoginFormAuthenticator"} []
[2021-04-13T21:28:19.972419+02:00] security.DEBUG: Read existing security token from the session. {"key":"_security_main","token_class":"Symfony\\Component\\Security\\Guard\\Token\\PostAuthenticationGuardToken"} []
[2021-04-13T21:28:19.972971+02:00] doctrine.DEBUG: SELECT t0.id AS id_1, t0.email AS email_2, t0.roles AS roles_3, t0.password AS password_4, t0.first_name AS first_name_5, t0.last_name AS last_name_6, t0.is_verified AS is_verified_7, t0.pin AS pin_8, t0.default_language AS default_language_9 FROM user t0 WHERE t0.id = ? [8] []
[2021-04-13T21:28:19.973874+02:00] security.DEBUG: User was reloaded from a user provider. {"provider":"Symfony\\Bridge\\Doctrine\\Security\\User\\EntityUserProvider","username":"Adelina1"} []
[2021-04-13T21:28:19.981802+02:00] security.DEBUG: Stored the security token in the session. {"key":"_security_main"} []
[2021-04-13T21:28:20.026731+02:00] php.INFO: User Deprecated: Using the WebserverBundle is deprecated since Symfony 4.4. The new Symfony local server has more features, you can use it instead. {"exception":"[object] (ErrorException(code: 0): User Deprecated: Using the WebserverBundle is deprecated since Symfony 4.4. The new Symfony local server has more features, you can use it instead. at /home/vladyslav/Documents/Netflix/vendor/symfony/web-server-bundle/WebServerBundle.php:23)"} []
[2021-04-13T21:28:20.030271+02:00] request.INFO: Matched route "select_profile". {"route":"select_profile","route_parameters":{"_route":"select_profile","_controller":"App\\Controller\\ChoicePageController::index"},"request_uri":"http://localhost:8000/select-profile","method":"GET"} []
[2021-04-13T21:28:20.031971+02:00] security.DEBUG: Checking for guard authentication credentials. {"firewall_key":"main","authenticators":1} []
[2021-04-13T21:28:20.032091+02:00] security.DEBUG: Checking support on guard authenticator. {"firewall_key":"main","authenticator":"App\\Security\\LoginFormAuthenticator"} []
[2021-04-13T21:28:20.032202+02:00] security.DEBUG: Guard authenticator does not support the request. {"firewall_key":"main","authenticator":"App\\Security\\LoginFormAuthenticator"} []
[2021-04-13T21:28:20.033443+02:00] security.DEBUG: Read existing security token from the session. {"key":"_security_main","token_class":"Symfony\\Component\\Security\\Guard\\Token\\PostAuthenticationGuardToken"} []
[2021-04-13T21:28:20.036302+02:00] doctrine.DEBUG: SELECT t0.id AS id_1, t0.email AS email_2, t0.roles AS roles_3, t0.password AS password_4, t0.first_name AS first_name_5, t0.last_name AS last_name_6, t0.is_verified AS is_verified_7, t0.pin AS pin_8, t0.default_language AS default_language_9 FROM user t0 WHERE t0.id = ? [8] []
[2021-04-13T21:28:20.037270+02:00] security.DEBUG: User was reloaded from a user provider. {"provider":"Symfony\\Bridge\\Doctrine\\Security\\User\\EntityUserProvider","username":"Adelina1"} []
[2021-04-13T21:28:20.042094+02:00] doctrine.DEBUG: SELECT p0_.id AS id_0, p0_.nickname AS nickname_1, p0_.background_color AS background_color_2, p0_.age AS age_3, p0_.profile_pin AS profile_pin_4, p0_.interface_language AS interface_language_5, p0_.preferred_language AS preferred_language_6, p0_.preferred_audio AS preferred_audio_7, p0_.user_id AS user_id_8 FROM profile p0_ WHERE p0_.user_id = ? [8] []
[2021-04-13T21:28:20.051389+02:00] security.DEBUG: Stored the security token in the session. {"key":"_security_main"} []
[2021-04-13T21:28:20.129001+02:00] php.INFO: User Deprecated: Using the WebserverBundle is deprecated since Symfony 4.4. The new Symfony local server has more features, you can use it instead. {"exception":"[object] (ErrorException(code: 0): User Deprecated: Using the WebserverBundle is deprecated since Symfony 4.4. The new Symfony local server has more features, you can use it instead. at /home/vladyslav/Documents/Netflix/vendor/symfony/web-server-bundle/WebServerBundle.php:23)"} []
[2021-04-13T21:28:20.130393+02:00] request.INFO: Matched route "_wdt". {"route":"_wdt","route_parameters":{"_route":"_wdt","_controller":"web_profiler.controller.profiler::toolbarAction","token":"7873a0"},"request_uri":"http://localhost:8000/_wdt/7873a0","method":"GET"} []
[2021-04-13T21:28:21.024812+02:00] php.INFO: User Deprecated: Using the WebserverBundle is deprecated since Symfony 4.4. The new Symfony local server has more features, you can use it instead. {"exception":"[object] (ErrorException(code: 0): User Deprecated: Using the WebserverBundle is deprecated since Symfony 4.4. The new Symfony local server has more features, you can use it instead. at /home/vladyslav/Documents/Netflix/vendor/symfony/web-server-bundle/WebServerBundle.php:23)"} []
[2021-04-13T21:28:21.026717+02:00] request.INFO: Matched route "enter_pin". {"route":"enter_pin","route_parameters":{"_route":"enter_pin","_controller":"App\\Controller\\ChoicePageController::enterPin"},"request_uri":"http://localhost:8000/enterPin?profile=15","method":"GET"} []
[2021-04-13T21:28:21.029063+02:00] security.DEBUG: Checking for guard authentication credentials. {"firewall_key":"main","authenticators":1} []
[2021-04-13T21:28:21.029235+02:00] security.DEBUG: Checking support on guard authenticator. {"firewall_key":"main","authenticator":"App\\Security\\LoginFormAuthenticator"} []
[2021-04-13T21:28:21.029371+02:00] security.DEBUG: Guard authenticator does not support the request. {"firewall_key":"main","authenticator":"App\\Security\\LoginFormAuthenticator"} []
[2021-04-13T21:28:21.029877+02:00] security.DEBUG: Read existing security token from the session. {"key":"_security_main","token_class":"Symfony\\Component\\Security\\Guard\\Token\\PostAuthenticationGuardToken"} []
[2021-04-13T21:28:21.033008+02:00] doctrine.DEBUG: SELECT t0.id AS id_1, t0.email AS email_2, t0.roles AS roles_3, t0.password AS password_4, t0.first_name AS first_name_5, t0.last_name AS last_name_6, t0.is_verified AS is_verified_7, t0.pin AS pin_8, t0.default_language AS default_language_9 FROM user t0 WHERE t0.id = ? [8] []
[2021-04-13T21:28:21.034219+02:00] security.DEBUG: User was reloaded from a user provider. {"provider":"Symfony\\Bridge\\Doctrine\\Security\\User\\EntityUserProvider","username":"Adelina1"} []
[2021-04-13T21:28:21.038350+02:00] doctrine.DEBUG: SELECT t0.id AS id_1, t0.nickname AS nickname_2, t0.background_color AS background_color_3, t0.age AS age_4, t0.profile_pin AS profile_pin_5, t0.interface_language AS interface_language_6, t0.preferred_language AS preferred_language_7, t0.preferred_audio AS preferred_audio_8, t0.user_id AS user_id_9 FROM profile t0 WHERE t0.id = ? ["15"] []
[2021-04-13T21:28:21.046931+02:00] security.DEBUG: Stored the security token in the session. {"key":"_security_main"} []
[2021-04-13T21:28:21.121986+02:00] php.INFO: User Deprecated: Using the WebserverBundle is deprecated since Symfony 4.4. The new Symfony local server has more features, you can use it instead. {"exception":"[object] (ErrorException(code: 0): User Deprecated: Using the WebserverBundle is deprecated since Symfony 4.4. The new Symfony local server has more features, you can use it instead. at /home/vladyslav/Documents/Netflix/vendor/symfony/web-server-bundle/WebServerBundle.php:23)"} []
[2021-04-13T21:28:21.123313+02:00] request.INFO: Matched route "_wdt". {"route":"_wdt","route_parameters":{"_route":"_wdt","_controller":"web_profiler.controller.profiler::toolbarAction","token":"172b4f"},"request_uri":"http://localhost:8000/_wdt/172b4f","method":"GET"} []
[2021-04-13T21:28:22.670828+02:00] php.INFO: User Deprecated: Using the WebserverBundle is deprecated since Symfony 4.4. The new Symfony local server has more features, you can use it instead. {"exception":"[object] (ErrorException(code: 0): User Deprecated: Using the WebserverBundle is deprecated since Symfony 4.4. The new Symfony local server has more features, you can use it instead. at /home/vladyslav/Documents/Netflix/vendor/symfony/web-server-bundle/WebServerBundle.php:23)"} []
[2021-04-13T21:28:22.672489+02:00] request.INFO: Matched route "check_sub_pin". {"route":"check_sub_pin","route_parameters":{"_route":"check_sub_pin","_controller":"App\\Controller\\ChoicePageController::checkSubPin"},"request_uri":"http://localhost:8000/check-pin?profile=15","method":"POST"} []
[2021-04-13T21:28:22.675145+02:00] security.DEBUG: Read existing security token from the session. {"key":"_security_main","token_class":"Symfony\\Component\\Security\\Guard\\Token\\PostAuthenticationGuardToken"} []
[2021-04-13T21:28:22.678636+02:00] doctrine.DEBUG: SELECT t0.id AS id_1, t0.email AS email_2, t0.roles AS roles_3, t0.password AS password_4, t0.first_name AS first_name_5, t0.last_name AS last_name_6, t0.is_verified AS is_verified_7, t0.pin AS pin_8, t0.default_language AS default_language_9 FROM user t0 WHERE t0.id = ? [8] []
[2021-04-13T21:28:22.679729+02:00] security.DEBUG: User was reloaded from a user provider. {"provider":"Symfony\\Bridge\\Doctrine\\Security\\User\\EntityUserProvider","username":"Adelina1"} []
[2021-04-13T21:28:22.679900+02:00] security.DEBUG: Checking for guard authentication credentials. {"firewall_key":"main","authenticators":1} []
[2021-04-13T21:28:22.680025+02:00] security.DEBUG: Checking support on guard authenticator. {"firewall_key":"main","authenticator":"App\\Security\\LoginFormAuthenticator"} []
[2021-04-13T21:28:22.680136+02:00] security.DEBUG: Guard authenticator does not support the request. {"firewall_key":"main","authenticator":"App\\Security\\LoginFormAuthenticator"} []
[2021-04-13T21:28:22.684875+02:00] doctrine.DEBUG: SELECT t0.id AS id_1, t0.nickname AS nickname_2, t0.background_color AS background_color_3, t0.age AS age_4, t0.profile_pin AS profile_pin_5, t0.interface_language AS interface_language_6, t0.preferred_language AS preferred_language_7, t0.preferred_audio AS preferred_audio_8, t0.user_id AS user_id_9 FROM profile t0 WHERE t0.id = ? ["15"] []
[2021-04-13T21:28:22.691890+02:00] security.DEBUG: Stored the security token in the session. {"key":"_security_main"} []
[2021-04-13T21:28:22.738655+02:00] php.INFO: User Deprecated: Using the WebserverBundle is deprecated since Symfony 4.4. The new Symfony local server has more features, you can use it instead. {"exception":"[object] (ErrorException(code: 0): User Deprecated: Using the WebserverBundle is deprecated since Symfony 4.4. The new Symfony local server has more features, you can use it instead. at /home/vladyslav/Documents/Netflix/vendor/symfony/web-server-bundle/WebServerBundle.php:23)"} []
[2021-04-13T21:28:22.740232+02:00] request.INFO: Matched route "main_page". {"route":"main_page","route_parameters":{"_route":"main_page","_controller":"App\\Controller\\MainController::index"},"request_uri":"http://localhost:8000/","method":"GET"} []
[2021-04-13T21:28:22.743880+02:00] doctrine.DEBUG: SELECT t0.id AS id_1, t0.nickname AS nickname_2, t0.background_color AS background_color_3, t0.age AS age_4, t0.profile_pin AS profile_pin_5, t0.interface_language AS interface_language_6, t0.preferred_language AS preferred_language_7, t0.preferred_audio AS preferred_audio_8, t0.user_id AS user_id_9 FROM profile t0 WHERE t0.id = ? ["15"] []
[2021-04-13T21:28:22.752086+02:00] security.DEBUG: Checking for guard authentication credentials. {"firewall_key":"main","authenticators":1} []
[2021-04-13T21:28:22.752287+02:00] security.DEBUG: Checking support on guard authenticator. {"firewall_key":"main","authenticator":"App\\Security\\LoginFormAuthenticator"} []
[2021-04-13T21:28:22.752409+02:00] security.DEBUG: Guard authenticator does not support the request. {"firewall_key":"main","authenticator":"App\\Security\\LoginFormAuthenticator"} []
[2021-04-13T21:28:22.752772+02:00] security.DEBUG: Read existing security token from the session. {"key":"_security_main","token_class":"Symfony\\Component\\Security\\Guard\\Token\\PostAuthenticationGuardToken"} []
[2021-04-13T21:28:22.753288+02:00] doctrine.DEBUG: SELECT t0.id AS id_1, t0.email AS email_2, t0.roles AS roles_3, t0.password AS password_4, t0.first_name AS first_name_5, t0.last_name AS last_name_6, t0.is_verified AS is_verified_7, t0.pin AS pin_8, t0.default_language AS default_language_9 FROM user t0 WHERE t0.id = ? [8] []
[2021-04-13T21:28:22.754129+02:00] security.DEBUG: User was reloaded from a user provider. {"provider":"Symfony\\Bridge\\Doctrine\\Security\\User\\EntityUserProvider","username":"Adelina1"} []
[2021-04-13T21:28:22.760885+02:00] app.ERROR: I just got the logger [] []
[2021-04-13T21:28:22.761185+02:00] doctrine.DEBUG: SELECT t0.id AS id_1, t0.name AS name_2 FROM category t0 [] []
[2021-04-13T21:28:22.766295+02:00] doctrine.DEBUG: SELECT s0_.id AS id_0, s0_.name AS name_1, s0_.country AS country_2, s0_.year_start AS year_start_3, s0_.year_finish AS year_finish_4, s0_.age_category AS age_category_5, f1_.id AS id_6, f1_.name AS name_7, f1_.country AS country_8, f1_.year AS year_9, f1_.age_category AS age_category_10, f1_.file_id AS file_id_11 FROM category c2_, serial s0_, film f1_ [] []
[2021-04-13T21:28:22.788406+02:00] security.DEBUG: Stored the security token in the session. {"key":"_security_main"} []
[2021-04-13T21:28:22.898083+02:00] php.INFO: User Deprecated: Using the WebserverBundle is deprecated since Symfony 4.4. The new Symfony local server has more features, you can use it instead. {"exception":"[object] (ErrorException(code: 0): User Deprecated: Using the WebserverBundle is deprecated since Symfony 4.4. The new Symfony local server has more features, you can use it instead. at /home/vladyslav/Documents/Netflix/vendor/symfony/web-server-bundle/WebServerBundle.php:23)"} []
[2021-04-13T21:28:22.901181+02:00] request.INFO: Matched route "_wdt". {"route":"_wdt","route_parameters":{"_route":"_wdt","_controller":"web_profiler.controller.profiler::toolbarAction","token":"b9f788"},"request_uri":"http://localhost:8000/_wdt/b9f788","method":"GET"} []
[2021-04-13T21:28:22.907191+02:00] doctrine.DEBUG: SELECT t0.id AS id_1, t0.nickname AS nickname_2, t0.background_color AS background_color_3, t0.age AS age_4, t0.profile_pin AS profile_pin_5, t0.interface_language AS interface_language_6, t0.preferred_language AS preferred_language_7, t0.preferred_audio AS preferred_audio_8, t0.user_id AS user_id_9 FROM profile t0 WHERE t0.id = ? ["15"] []
[2021-04-13T21:28:26.384945+02:00] php.INFO: User Deprecated: Using the WebserverBundle is deprecated since Symfony 4.4. The new Symfony local server has more features, you can use it instead. {"exception":"[object] (ErrorException(code: 0): User Deprecated: Using the WebserverBundle is deprecated since Symfony 4.4. The new Symfony local server has more features, you can use it instead. at /home/vladyslav/Documents/Netflix/vendor/symfony/web-server-bundle/WebServerBundle.php:23)"} []
[2021-04-13T21:28:26.386580+02:00] request.INFO: Matched route "_profiler". {"route":"_profiler","route_parameters":{"_route":"_profiler","_controller":"web_profiler.controller.profiler::panelAction","token":"b9f788"},"request_uri":"http://localhost:8000/_profiler/b9f788?panel=logger","method":"GET"} []
[2021-04-13T21:28:26.390478+02:00] doctrine.DEBUG: SELECT t0.id AS id_1, t0.nickname AS nickname_2, t0.background_color AS background_color_3, t0.age AS age_4, t0.profile_pin AS profile_pin_5, t0.interface_language AS interface_language_6, t0.preferred_language AS preferred_language_7, t0.preferred_audio AS preferred_audio_8, t0.user_id AS user_id_9 FROM profile t0 WHERE t0.id = ? ["15"] []
[2021-04-13T21:28:26.410305+02:00] request.INFO: Matched route "_profiler_search_bar". {"route":"_profiler_search_bar","route_parameters":{"_route":"_profiler_search_bar","_controller":"web_profiler.controller.profiler::searchBarAction"},"request_uri":"http://localhost:8000/_profiler/search_bar?panel=logger","method":"GET"} []
[2021-04-13T21:31:08.414669+02:00] app.ERROR: I just got the logger [] []
[2021-04-13T21:31:13.385749+02:00] app.ERROR: I just got the logger [] []
[2021-04-14T11:11:53.380394+02:00] request.CRITICAL: Uncaught PHP Exception ErrorException: "Notice: SessionHandler::gc(): ps_files_cleanup_dir: opendir(/var/lib/php/sessions) failed: Permission denied (13)" at /home/vladyslav/Documents/Netflix/vendor/symfony/http-foundation/Session/Storage/Handler/StrictSessionHandler.php line 101 {"exception":"[object] (ErrorException(code: 0): Notice: SessionHandler::gc(): ps_files_cleanup_dir: opendir(/var/lib/php/sessions) failed: Permission denied (13) at /home/vladyslav/Documents/Netflix/vendor/symfony/http-foundation/Session/Storage/Handler/StrictSessionHandler.php:101)"} []
[2021-04-14T11:11:53.708766+02:00] request.ERROR: Uncaught PHP Exception Symfony\Component\HttpKernel\Exception\NotFoundHttpException: "No route found for "GET /favicon.ico" (from "http://localhost:8000/login")" at /home/vladyslav/Documents/Netflix/vendor/symfony/http-kernel/EventListener/RouterListener.php line 136 {"exception":"[object] (Symfony\\Component\\HttpKernel\\Exception\\NotFoundHttpException(code: 0): No route found for \"GET /favicon.ico\" (from \"http://localhost:8000/login\") at /home/vladyslav/Documents/Netflix/vendor/symfony/http-kernel/EventListener/RouterListener.php:136)\n[previous exception] [object] (Symfony\\Component\\Routing\\Exception\\ResourceNotFoundException(code: 0): No routes found for \"/favicon.ico/\". at /home/vladyslav/Documents/Netflix/vendor/symfony/routing/Matcher/Dumper/CompiledUrlMatcherTrait.php:70)"} []
[2021-04-14T11:12:02.810704+02:00] app.ERROR: I just got the logger [] []
[2021-04-14T11:12:18.900079+02:00] app.ERROR: I just got the logger [] []
[2021-04-14T11:18:10.405210+02:00] app.ERROR: I just got the logger [] []
[2021-04-14T11:38:41.397526+02:00] app.ERROR: I just got the logger [] []
[2021-04-14T11:39:13.288751+02:00] app.ERROR: I just got the logger [] []
[2021-04-14T11:39:15.030044+02:00] app.ERROR: I just got the logger [] []
[2021-04-14T11:39:21.121575+02:00] app.ERROR: I just got the logger [] []
